2023-07-27 11:19:15.2850||DEBUG|CPDMS.Program|init main function |url: |action: 
2023-07-27 11:19:18.3796||INFO|CPDMS.Models.Utility.HttpWebClients|JWT token inti |url: http://localhost/|action: LandingPage
2023-07-27 11:19:20.0204||INFO|CPDMS.Models.Utility.HttpWebClients|JWT token eyJhbGciOiJIUzI1NiIsInR5cCI6IkpXVCJ9.eyJzdWIiOiJjYXRjaGVyIiwianRpIjoiMmQwOTY0ZjctMGJmMS00MGZiLTgyYTctNmUzZDAzN2M4YzRhIiwiaWF0IjoiNy8yNy8yMDIzIDU6NDk6MTkgQU0iLCJuYmYiOjE2OTA0MzY5NTksImV4cCI6MTY5MDQzNzA3OSwiaXNzIjoiaHR0cDovL3d3dy5jLXNoYXJwY29ybmVyLmNvbS9tZW1iZXJzL2NhdGNoZXItd29uZyIsImF1ZCI6IkNhdGNoZXIgV29uZyJ9.kJJuHVd9ANjSOiCHHGsLrR83LQS4bo04_uwCvWPfmrM |url: http://localhost/|action: LandingPage
2023-07-27 11:19:22.1184||INFO|CPDMS.Models.Utility.HttpWebClients|JWT token inti |url: http://localhost/|action: LandingPage
2023-07-27 11:19:22.1303||INFO|CPDMS.Models.Utility.HttpWebClients|JWT token eyJhbGciOiJIUzI1NiIsInR5cCI6IkpXVCJ9.eyJzdWIiOiJjYXRjaGVyIiwianRpIjoiOWM2NDE3OTYtZjE1NS00NDljLTg1MDgtMjJmMDZjM2NlMmI5IiwiaWF0IjoiNy8yNy8yMDIzIDU6NDk6MjIgQU0iLCJuYmYiOjE2OTA0MzY5NjIsImV4cCI6MTY5MDQzNzA4MiwiaXNzIjoiaHR0cDovL3d3dy5jLXNoYXJwY29ybmVyLmNvbS9tZW1iZXJzL2NhdGNoZXItd29uZyIsImF1ZCI6IkNhdGNoZXIgV29uZyJ9.d62WYvgMpQ37HQZwOjFIlo57Z6zf90bAp9JpuRXj_1U |url: http://localhost/|action: LandingPage
2023-07-27 11:20:47.8423||INFO|CPDMS.Models.Utility.HttpWebClients|JWT token inti |url: http://localhost/LandingPage/Home/Login|action: Login
2023-07-27 11:20:47.8550||INFO|CPDMS.Models.Utility.HttpWebClients|JWT token eyJhbGciOiJIUzI1NiIsInR5cCI6IkpXVCJ9.eyJzdWIiOiJjYXRjaGVyIiwianRpIjoiN2U3MjI5NGUtYWI5Ny00ZmE0LThhMWUtM2QzNTY2MGQ5NzMzIiwiaWF0IjoiNy8yNy8yMDIzIDU6NTA6NDcgQU0iLCJuYmYiOjE2OTA0MzcwNDcsImV4cCI6MTY5MDQzNzE2NywiaXNzIjoiaHR0cDovL3d3dy5jLXNoYXJwY29ybmVyLmNvbS9tZW1iZXJzL2NhdGNoZXItd29uZyIsImF1ZCI6IkNhdGNoZXIgV29uZyJ9.U7uzTa2kcB5FJCL4isiKwUg79z_T-oRMacju5ScrISI |url: http://localhost/LandingPage/Home/Login|action: Login
2023-07-27 12:34:53.6458||INFO|CPDMS.Models.Utility.HttpWebClients|JWT token inti |url: http://localhost/LandingPage/Home/Login|action: Login
2023-07-27 12:34:53.7165||INFO|CPDMS.Models.Utility.HttpWebClients|JWT token eyJhbGciOiJIUzI1NiIsInR5cCI6IkpXVCJ9.eyJzdWIiOiJjYXRjaGVyIiwianRpIjoiNTQzMjIyNDQtMGQ1My00M2ExLWJlY2MtNDEyOWE1ZGEwZWY3IiwiaWF0IjoiNy8yNy8yMDIzIDc6MDQ6NTMgQU0iLCJuYmYiOjE2OTA0NDE0OTMsImV4cCI6MTY5MDQ0MTYxMywiaXNzIjoiaHR0cDovL3d3dy5jLXNoYXJwY29ybmVyLmNvbS9tZW1iZXJzL2NhdGNoZXItd29uZyIsImF1ZCI6IkNhdGNoZXIgV29uZyJ9.npmoP2FaDvDuxJLgzfg5qWXYISMqkH5fQlCT5tRADQg |url: http://localhost/LandingPage/Home/Login|action: Login
2023-07-27 12:35:22.1087||INFO|CPDMS.Models.Utility.HttpWebClients|JWT token inti |url: http://localhost/LandingPage/Home/Login|action: Login
2023-07-27 12:35:22.1179||INFO|CPDMS.Models.Utility.HttpWebClients|JWT token eyJhbGciOiJIUzI1NiIsInR5cCI6IkpXVCJ9.eyJzdWIiOiJjYXRjaGVyIiwianRpIjoiOGY3YmM5ZjAtNjhjZC00YjUyLTlmZWItZDlhZjExMzc0NDQ4IiwiaWF0IjoiNy8yNy8yMDIzIDc6MDU6MjIgQU0iLCJuYmYiOjE2OTA0NDE1MjIsImV4cCI6MTY5MDQ0MTY0MiwiaXNzIjoiaHR0cDovL3d3dy5jLXNoYXJwY29ybmVyLmNvbS9tZW1iZXJzL2NhdGNoZXItd29uZyIsImF1ZCI6IkNhdGNoZXIgV29uZyJ9.Jt8laY-tCieh-2N4cPx_h8SQ2FQbizfvZ6ZBWvHHz7M |url: http://localhost/LandingPage/Home/Login|action: Login
2023-07-27 12:35:25.9933||INFO|CPDMS.Models.Utility.HttpWebClients|JWT token inti |url: http://localhost/LandingPage/Home/LandingPage|action: LandingPage
2023-07-27 12:35:26.0064||INFO|CPDMS.Models.Utility.HttpWebClients|JWT token eyJhbGciOiJIUzI1NiIsInR5cCI6IkpXVCJ9.eyJzdWIiOiJjYXRjaGVyIiwianRpIjoiMThhYThmZDMtOWZmYi00MWIxLWFlYzctZGU0NjEyMjYwMDkxIiwiaWF0IjoiNy8yNy8yMDIzIDc6MDU6MjYgQU0iLCJuYmYiOjE2OTA0NDE1MjYsImV4cCI6MTY5MDQ0MTY0NiwiaXNzIjoiaHR0cDovL3d3dy5jLXNoYXJwY29ybmVyLmNvbS9tZW1iZXJzL2NhdGNoZXItd29uZyIsImF1ZCI6IkNhdGNoZXIgV29uZyJ9.5dg80G1uCmr-pCsnB-OSw1T8vC-oWOWD-TUqOIXENaM |url: http://localhost/LandingPage/Home/LandingPage|action: LandingPage
2023-07-27 12:35:26.2413||INFO|CPDMS.Models.Utility.HttpWebClients|JWT token inti |url: http://localhost/LandingPage/Home/LandingPage|action: LandingPage
2023-07-27 12:35:26.2413||INFO|CPDMS.Models.Utility.HttpWebClients|JWT token eyJhbGciOiJIUzI1NiIsInR5cCI6IkpXVCJ9.eyJzdWIiOiJjYXRjaGVyIiwianRpIjoiNWYyYTU2N2YtYTg1MS00NDRjLThjMGMtZjc1MjY3YzMzNWY5IiwiaWF0IjoiNy8yNy8yMDIzIDc6MDU6MjYgQU0iLCJuYmYiOjE2OTA0NDE1MjYsImV4cCI6MTY5MDQ0MTY0NiwiaXNzIjoiaHR0cDovL3d3dy5jLXNoYXJwY29ybmVyLmNvbS9tZW1iZXJzL2NhdGNoZXItd29uZyIsImF1ZCI6IkNhdGNoZXIgV29uZyJ9.8v3z8aWd6mcIeZ_DCvkU6-IvL_bwFFO-bpahM3hf0S8 |url: http://localhost/LandingPage/Home/LandingPage|action: LandingPage
2023-07-27 12:50:21.9667||INFO|CPDMS.Models.Utility.HttpWebClients|JWT token inti |url: http://localhost/LandingPage/Home/LandingPage|action: LandingPage
2023-07-27 12:50:21.9895||INFO|CPDMS.Models.Utility.HttpWebClients|JWT token eyJhbGciOiJIUzI1NiIsInR5cCI6IkpXVCJ9.eyJzdWIiOiJjYXRjaGVyIiwianRpIjoiYzkxMDY2YTUtM2EwOC00OWYxLTljYjEtZWJkM2MzZDJkOWI0IiwiaWF0IjoiNy8yNy8yMDIzIDc6MjA6MjEgQU0iLCJuYmYiOjE2OTA0NDI0MjEsImV4cCI6MTY5MDQ0MjU0MSwiaXNzIjoiaHR0cDovL3d3dy5jLXNoYXJwY29ybmVyLmNvbS9tZW1iZXJzL2NhdGNoZXItd29uZyIsImF1ZCI6IkNhdGNoZXIgV29uZyJ9.Y5NRPu2N7xNiA2_Zx5GIp7gGawQ-KBuRkJuHSen-zKk |url: http://localhost/LandingPage/Home/LandingPage|action: LandingPage
2023-07-27 12:50:22.3122||INFO|CPDMS.Models.Utility.HttpWebClients|JWT token inti |url: http://localhost/LandingPage/Home/LandingPage|action: LandingPage
2023-07-27 12:50:22.4083||INFO|CPDMS.Models.Utility.HttpWebClients|JWT token eyJhbGciOiJIUzI1NiIsInR5cCI6IkpXVCJ9.eyJzdWIiOiJjYXRjaGVyIiwianRpIjoiOTBjMmQ1M2UtNmQxNS00MDk5LWE4M2EtYmY0ZWVjNjc4M2RjIiwiaWF0IjoiNy8yNy8yMDIzIDc6MjA6MjIgQU0iLCJuYmYiOjE2OTA0NDI0MjIsImV4cCI6MTY5MDQ0MjU0MiwiaXNzIjoiaHR0cDovL3d3dy5jLXNoYXJwY29ybmVyLmNvbS9tZW1iZXJzL2NhdGNoZXItd29uZyIsImF1ZCI6IkNhdGNoZXIgV29uZyJ9.XtvBOuLCT5gERnfWoTvTnu4IkpOapOHTlpYVkJiWt70 |url: http://localhost/LandingPage/Home/LandingPage|action: LandingPage
2023-07-27 12:50:42.1940||INFO|CPDMS.Models.Utility.HttpWebClients|JWT token inti |url: http://localhost/LandingPage/Home/about|action: about
2023-07-27 12:50:42.1940||INFO|CPDMS.Models.Utility.HttpWebClients|JWT token eyJhbGciOiJIUzI1NiIsInR5cCI6IkpXVCJ9.eyJzdWIiOiJjYXRjaGVyIiwianRpIjoiZmUyMGQ5ODMtYzk4MC00OGJiLTkwZmUtMmM2MmQ0ZWVkMGQwIiwiaWF0IjoiNy8yNy8yMDIzIDc6MjA6NDIgQU0iLCJuYmYiOjE2OTA0NDI0NDIsImV4cCI6MTY5MDQ0MjU2MiwiaXNzIjoiaHR0cDovL3d3dy5jLXNoYXJwY29ybmVyLmNvbS9tZW1iZXJzL2NhdGNoZXItd29uZyIsImF1ZCI6IkNhdGNoZXIgV29uZyJ9.vp_mb_uuuwvlCuOYb2jfsVbVYwOaltvpRCnniwOrDds |url: http://localhost/LandingPage/Home/about|action: about
2023-07-27 12:50:45.9973||INFO|CPDMS.Models.Utility.HttpWebClients|JWT token inti |url: http://localhost/LandingPage/Home/Team|action: Team
2023-07-27 12:50:46.0116||INFO|CPDMS.Models.Utility.HttpWebClients|JWT token eyJhbGciOiJIUzI1NiIsInR5cCI6IkpXVCJ9.eyJzdWIiOiJjYXRjaGVyIiwianRpIjoiYjcxOTk4YzAtYTc4YS00MzlmLTgwMTYtYzczZmZmYjM3MmYzIiwiaWF0IjoiNy8yNy8yMDIzIDc6MjA6NDYgQU0iLCJuYmYiOjE2OTA0NDI0NDYsImV4cCI6MTY5MDQ0MjU2NiwiaXNzIjoiaHR0cDovL3d3dy5jLXNoYXJwY29ybmVyLmNvbS9tZW1iZXJzL2NhdGNoZXItd29uZyIsImF1ZCI6IkNhdGNoZXIgV29uZyJ9.OmAYvkZbyL2QOx0zCIKSpq03-FYRKW8j1hhwjBKoHJg |url: http://localhost/LandingPage/Home/Team|action: Team
2023-07-27 12:59:43.2790||INFO|CPDMS.Models.Utility.HttpWebClients|JWT token inti |url: http://localhost/LandingPage/Home/LandingPage|action: LandingPage
2023-07-27 12:59:43.3073||INFO|CPDMS.Models.Utility.HttpWebClients|JWT token eyJhbGciOiJIUzI1NiIsInR5cCI6IkpXVCJ9.eyJzdWIiOiJjYXRjaGVyIiwianRpIjoiMzJhZjhjMzYtZjBlMS00YzU1LWEzOGYtYTAzOTY0YmQ1ZDA0IiwiaWF0IjoiNy8yNy8yMDIzIDc6Mjk6NDMgQU0iLCJuYmYiOjE2OTA0NDI5ODMsImV4cCI6MTY5MDQ0MzEwMywiaXNzIjoiaHR0cDovL3d3dy5jLXNoYXJwY29ybmVyLmNvbS9tZW1iZXJzL2NhdGNoZXItd29uZyIsImF1ZCI6IkNhdGNoZXIgV29uZyJ9.IXJ8H56kWlUQ_M0aYx4z_bizRLFbQwQDmuUtztgp_PY |url: http://localhost/LandingPage/Home/LandingPage|action: LandingPage
2023-07-27 12:59:43.5652||INFO|CPDMS.Models.Utility.HttpWebClients|JWT token inti |url: http://localhost/LandingPage/Home/LandingPage|action: LandingPage
2023-07-27 12:59:43.5711||INFO|CPDMS.Models.Utility.HttpWebClients|JWT token eyJhbGciOiJIUzI1NiIsInR5cCI6IkpXVCJ9.eyJzdWIiOiJjYXRjaGVyIiwianRpIjoiMTRjNTA5ZWMtZWFiYi00ZGQwLTg1MzQtNzljODMxYmI4NmNmIiwiaWF0IjoiNy8yNy8yMDIzIDc6Mjk6NDMgQU0iLCJuYmYiOjE2OTA0NDI5ODMsImV4cCI6MTY5MDQ0MzEwMywiaXNzIjoiaHR0cDovL3d3dy5jLXNoYXJwY29ybmVyLmNvbS9tZW1iZXJzL2NhdGNoZXItd29uZyIsImF1ZCI6IkNhdGNoZXIgV29uZyJ9.ZsvFZWnTRGl7CMkzN8EjkTQwR8cBGrB1db_Zx9ZqODk |url: http://localhost/LandingPage/Home/LandingPage|action: LandingPage
2023-07-27 12:59:49.4843||INFO|CPDMS.Models.Utility.HttpWebClients|JWT token inti |url: http://localhost/LandingPage/Home/Login|action: Login
2023-07-27 12:59:49.4925||INFO|CPDMS.Models.Utility.HttpWebClients|JWT token eyJhbGciOiJIUzI1NiIsInR5cCI6IkpXVCJ9.eyJzdWIiOiJjYXRjaGVyIiwianRpIjoiZGVlN2Y4OTYtYjc0NC00MmM0LWI4YzMtNzNhNWUwOTBlZmIxIiwiaWF0IjoiNy8yNy8yMDIzIDc6Mjk6NDkgQU0iLCJuYmYiOjE2OTA0NDI5ODksImV4cCI6MTY5MDQ0MzEwOSwiaXNzIjoiaHR0cDovL3d3dy5jLXNoYXJwY29ybmVyLmNvbS9tZW1iZXJzL2NhdGNoZXItd29uZyIsImF1ZCI6IkNhdGNoZXIgV29uZyJ9.plwLzqQbaLg5Y8Fnep71Kh3uDGZByUeotMW28yh8c7c |url: http://localhost/LandingPage/Home/Login|action: Login
2023-07-27 13:16:16.2815||INFO|CPDMS.Models.Utility.HttpWebClients|JWT token inti |url: http://localhost/LandingPage/Home/Login|action: Login
2023-07-27 13:16:16.2917||INFO|CPDMS.Models.Utility.HttpWebClients|JWT token eyJhbGciOiJIUzI1NiIsInR5cCI6IkpXVCJ9.eyJzdWIiOiJjYXRjaGVyIiwianRpIjoiNTQyMmJmZmItMGMwYy00MjAwLWEyMDgtYWRkMDBjMWU3MzIxIiwiaWF0IjoiNy8yNy8yMDIzIDc6NDY6MTYgQU0iLCJuYmYiOjE2OTA0NDM5NzYsImV4cCI6MTY5MDQ0NDA5NiwiaXNzIjoiaHR0cDovL3d3dy5jLXNoYXJwY29ybmVyLmNvbS9tZW1iZXJzL2NhdGNoZXItd29uZyIsImF1ZCI6IkNhdGNoZXIgV29uZyJ9.SG_c9vDoof9dK9zxWBc0_ZsgzgCUgZPYNU4TatG1uSU |url: http://localhost/LandingPage/Home/Login|action: Login
2023-07-27 13:16:16.7381||INFO|CPDMS.Models.Utility.HttpWebClients|JWT token inti |url: http://localhost/UnitRegistration/UnitRegistration/UnitOPTDashboard|action: UnitOPTDashboard
2023-07-27 13:16:16.7381||INFO|CPDMS.Models.Utility.HttpWebClients|JWT token eyJhbGciOiJIUzI1NiIsInR5cCI6IkpXVCJ9.eyJzdWIiOiJjYXRjaGVyIiwianRpIjoiMDdlYzE4ZDQtM2I5My00Njg5LThjOGEtMzEzOWU5M2MxOTdhIiwiaWF0IjoiNy8yNy8yMDIzIDc6NDY6MTYgQU0iLCJuYmYiOjE2OTA0NDM5NzYsImV4cCI6MTY5MDQ0NDA5NiwiaXNzIjoiaHR0cDovL3d3dy5jLXNoYXJwY29ybmVyLmNvbS9tZW1iZXJzL2NhdGNoZXItd29uZyIsImF1ZCI6IkNhdGNoZXIgV29uZyJ9.DrpCwG6BF_wBe_RfvzmwbQlNshUpjiEcmLgSrIwZJ6M |url: http://localhost/UnitRegistration/UnitRegistration/UnitOPTDashboard|action: UnitOPTDashboard
2023-07-27 13:16:17.0737||INFO|CPDMS.Models.Utility.HttpWebClients|JWT token inti |url: http://localhost/UnitRegistration/UnitRegistration/UnitOPTDashboard|action: UnitOPTDashboard
2023-07-27 13:16:17.0737||INFO|CPDMS.Models.Utility.HttpWebClients|JWT token eyJhbGciOiJIUzI1NiIsInR5cCI6IkpXVCJ9.eyJzdWIiOiJjYXRjaGVyIiwianRpIjoiYTlhNDQ3ZmQtZWM1Ni00Y2UxLWJlMWItZTA4MDExNDRiYTcwIiwiaWF0IjoiNy8yNy8yMDIzIDc6NDY6MTcgQU0iLCJuYmYiOjE2OTA0NDM5NzcsImV4cCI6MTY5MDQ0NDA5NywiaXNzIjoiaHR0cDovL3d3dy5jLXNoYXJwY29ybmVyLmNvbS9tZW1iZXJzL2NhdGNoZXItd29uZyIsImF1ZCI6IkNhdGNoZXIgV29uZyJ9.bfq05YLwEbJns-c5-TnPZIZ_yJ_c9iXiXwxirsX6UCY |url: http://localhost/UnitRegistration/UnitRegistration/UnitOPTDashboard|action: UnitOPTDashboard
2023-07-27 13:16:17.1166||INFO|CPDMS.Models.Utility.HttpWebClients|JWT token inti |url: http://localhost/UnitRegistration/UnitRegistration/UnitOPTDashboard|action: UnitOPTDashboard
2023-07-27 13:16:17.1166||INFO|CPDMS.Models.Utility.HttpWebClients|JWT token eyJhbGciOiJIUzI1NiIsInR5cCI6IkpXVCJ9.eyJzdWIiOiJjYXRjaGVyIiwianRpIjoiYjVkYzcxZDctNWM1NC00NTAwLTkyYjItYjNlNmJjMGU2ZjBhIiwiaWF0IjoiNy8yNy8yMDIzIDc6NDY6MTcgQU0iLCJuYmYiOjE2OTA0NDM5NzcsImV4cCI6MTY5MDQ0NDA5NywiaXNzIjoiaHR0cDovL3d3dy5jLXNoYXJwY29ybmVyLmNvbS9tZW1iZXJzL2NhdGNoZXItd29uZyIsImF1ZCI6IkNhdGNoZXIgV29uZyJ9.jQYOKVWDPy14BKN6Vn6LlkVMGaY63hcInO1Q9A5RMxk |url: http://localhost/UnitRegistration/UnitRegistration/UnitOPTDashboard|action: UnitOPTDashboard
2023-07-27 13:16:17.3844||INFO|CPDMS.Models.Utility.HttpWebClients|JWT token inti |url: http://localhost/UnitRegistration/UnitRegistration/UnitOPTDashboard|action: UnitOPTDashboard
2023-07-27 13:16:17.3844||INFO|CPDMS.Models.Utility.HttpWebClients|JWT token eyJhbGciOiJIUzI1NiIsInR5cCI6IkpXVCJ9.eyJzdWIiOiJjYXRjaGVyIiwianRpIjoiMTIwN2I2MjktNjBlYi00YmU3LWE1MTMtNDYyNGU0ZjY1MTRhIiwiaWF0IjoiNy8yNy8yMDIzIDc6NDY6MTcgQU0iLCJuYmYiOjE2OTA0NDM5NzcsImV4cCI6MTY5MDQ0NDA5NywiaXNzIjoiaHR0cDovL3d3dy5jLXNoYXJwY29ybmVyLmNvbS9tZW1iZXJzL2NhdGNoZXItd29uZyIsImF1ZCI6IkNhdGNoZXIgV29uZyJ9.u5RPlR5A7yMY2g4QwkT7qWf6JyDlmAoHgVYreNQ8gUY |url: http://localhost/UnitRegistration/UnitRegistration/UnitOPTDashboard|action: UnitOPTDashboard
2023-07-27 13:16:17.6314||INFO|CPDMS.Models.Utility.HttpWebClients|JWT token inti |url: http://localhost/UnitRegistration/UnitRegistration/UnitOPTDashboard|action: UnitOPTDashboard
2023-07-27 13:16:17.6314||INFO|CPDMS.Models.Utility.HttpWebClients|JWT token eyJhbGciOiJIUzI1NiIsInR5cCI6IkpXVCJ9.eyJzdWIiOiJjYXRjaGVyIiwianRpIjoiOTQ1ZTVjZWUtMDI2Yy00Mjc3LTgyZDUtM2QzZDljNWU3ZDMzIiwiaWF0IjoiNy8yNy8yMDIzIDc6NDY6MTcgQU0iLCJuYmYiOjE2OTA0NDM5NzcsImV4cCI6MTY5MDQ0NDA5NywiaXNzIjoiaHR0cDovL3d3dy5jLXNoYXJwY29ybmVyLmNvbS9tZW1iZXJzL2NhdGNoZXItd29uZyIsImF1ZCI6IkNhdGNoZXIgV29uZyJ9.EYdc57yzx9HOHZ4A16YAwtjwrzu6CfVp1Rp1tYXjBZk |url: http://localhost/UnitRegistration/UnitRegistration/UnitOPTDashboard|action: UnitOPTDashboard
2023-07-27 13:16:24.2655||INFO|CPDMS.Models.Utility.HttpWebClients|JWT token inti |url: http://localhost/UnitRegistration/UnitRegistration/ChemicalBlockEntry|action: ChemicalBlockEntry
2023-07-27 13:16:24.2703||INFO|CPDMS.Models.Utility.HttpWebClients|JWT token eyJhbGciOiJIUzI1NiIsInR5cCI6IkpXVCJ9.eyJzdWIiOiJjYXRjaGVyIiwianRpIjoiMzJiMDc1MjYtZmVlNy00Y2EyLTkwMjItNTI2YjM0NWRlMzljIiwiaWF0IjoiNy8yNy8yMDIzIDc6NDY6MjQgQU0iLCJuYmYiOjE2OTA0NDM5ODQsImV4cCI6MTY5MDQ0NDEwNCwiaXNzIjoiaHR0cDovL3d3dy5jLXNoYXJwY29ybmVyLmNvbS9tZW1iZXJzL2NhdGNoZXItd29uZyIsImF1ZCI6IkNhdGNoZXIgV29uZyJ9.Q_KgCQlJ9efIRSLPU2l_riNxu8bnJh1Ypnb-5PDi83A |url: http://localhost/UnitRegistration/UnitRegistration/ChemicalBlockEntry|action: ChemicalBlockEntry
2023-07-27 13:16:24.6735||INFO|CPDMS.Models.Utility.HttpWebClients|JWT token inti |url: http://localhost/UnitRegistration/UnitRegistration/ChemicalBlockEntry|action: ChemicalBlockEntry
2023-07-27 13:16:24.6786||INFO|CPDMS.Models.Utility.HttpWebClients|JWT token eyJhbGciOiJIUzI1NiIsInR5cCI6IkpXVCJ9.eyJzdWIiOiJjYXRjaGVyIiwianRpIjoiOWQxYTFlMWYtOTkxZS00ZThlLWFmN2UtYWRlY2FlZWI5NTk5IiwiaWF0IjoiNy8yNy8yMDIzIDc6NDY6MjQgQU0iLCJuYmYiOjE2OTA0NDM5ODQsImV4cCI6MTY5MDQ0NDEwNCwiaXNzIjoiaHR0cDovL3d3dy5jLXNoYXJwY29ybmVyLmNvbS9tZW1iZXJzL2NhdGNoZXItd29uZyIsImF1ZCI6IkNhdGNoZXIgV29uZyJ9.kH57S3KEjN3DG1z2-T-pzXV5AITKfXzbLfG9KW33ZiE |url: http://localhost/UnitRegistration/UnitRegistration/ChemicalBlockEntry|action: ChemicalBlockEntry
2023-07-27 13:16:24.9218||INFO|CPDMS.Models.Utility.HttpWebClients|JWT token inti |url: http://localhost/UnitRegistration/UnitRegistration/ChemicalBlockEntry|action: ChemicalBlockEntry
2023-07-27 13:16:24.9262||INFO|CPDMS.Models.Utility.HttpWebClients|JWT token eyJhbGciOiJIUzI1NiIsInR5cCI6IkpXVCJ9.eyJzdWIiOiJjYXRjaGVyIiwianRpIjoiNmY0OTIzMDgtZTk3OS00ZGU0LThmZDctZmE2NDAwZjA5YTlhIiwiaWF0IjoiNy8yNy8yMDIzIDc6NDY6MjQgQU0iLCJuYmYiOjE2OTA0NDM5ODQsImV4cCI6MTY5MDQ0NDEwNCwiaXNzIjoiaHR0cDovL3d3dy5jLXNoYXJwY29ybmVyLmNvbS9tZW1iZXJzL2NhdGNoZXItd29uZyIsImF1ZCI6IkNhdGNoZXIgV29uZyJ9.sTwuNHmz0cBfCQiWir-wnzvD_4tr6-g0D_odGnWhNSE |url: http://localhost/UnitRegistration/UnitRegistration/ChemicalBlockEntry|action: ChemicalBlockEntry
2023-07-27 13:16:25.1873||INFO|CPDMS.Models.Utility.HttpWebClients|JWT token inti |url: http://localhost/UnitRegistration/UnitRegistration/ChemicalBlockEntry|action: ChemicalBlockEntry
2023-07-27 13:16:25.1953||INFO|CPDMS.Models.Utility.HttpWebClients|JWT token eyJhbGciOiJIUzI1NiIsInR5cCI6IkpXVCJ9.eyJzdWIiOiJjYXRjaGVyIiwianRpIjoiN2FmODgwZjctMDE3ZS00MGMyLTgzNmEtNWI0MzU4ZWY5MzNkIiwiaWF0IjoiNy8yNy8yMDIzIDc6NDY6MjUgQU0iLCJuYmYiOjE2OTA0NDM5ODUsImV4cCI6MTY5MDQ0NDEwNSwiaXNzIjoiaHR0cDovL3d3dy5jLXNoYXJwY29ybmVyLmNvbS9tZW1iZXJzL2NhdGNoZXItd29uZyIsImF1ZCI6IkNhdGNoZXIgV29uZyJ9.q04RbxK2dTEuGyA3Mmkx3YsffT9jFaQpnGFxlUwQ4Cw |url: http://localhost/UnitRegistration/UnitRegistration/ChemicalBlockEntry|action: ChemicalBlockEntry
2023-07-27 13:16:25.4637||INFO|CPDMS.Models.Utility.HttpWebClients|JWT token inti |url: http://localhost/UnitRegistration/UnitRegistration/ChemicalBlockEntry|action: ChemicalBlockEntry
2023-07-27 13:16:25.4637||INFO|CPDMS.Models.Utility.HttpWebClients|JWT token eyJhbGciOiJIUzI1NiIsInR5cCI6IkpXVCJ9.eyJzdWIiOiJjYXRjaGVyIiwianRpIjoiNTg2MDQwZGMtNGMyOC00YzZhLTg1NGEtZDNiZTc4MWUzYjIwIiwiaWF0IjoiNy8yNy8yMDIzIDc6NDY6MjUgQU0iLCJuYmYiOjE2OTA0NDM5ODUsImV4cCI6MTY5MDQ0NDEwNSwiaXNzIjoiaHR0cDovL3d3dy5jLXNoYXJwY29ybmVyLmNvbS9tZW1iZXJzL2NhdGNoZXItd29uZyIsImF1ZCI6IkNhdGNoZXIgV29uZyJ9.-0zG6CM5tiuz81ezWICP1ONAzunfBSOxMRs_3tQNZtE |url: http://localhost/UnitRegistration/UnitRegistration/ChemicalBlockEntry|action: ChemicalBlockEntry
2023-07-27 13:16:25.8205||INFO|CPDMS.Models.Utility.HttpWebClients|JWT token inti |url: http://localhost/UnitRegistration/UnitRegistration/ChemicalBlockEntry|action: ChemicalBlockEntry
2023-07-27 13:16:25.8205||INFO|CPDMS.Models.Utility.HttpWebClients|JWT token eyJhbGciOiJIUzI1NiIsInR5cCI6IkpXVCJ9.eyJzdWIiOiJjYXRjaGVyIiwianRpIjoiMmQ0MTMyZWItZTEyMC00MzRkLWE0ZTUtZTc1NzU0MGE4OThhIiwiaWF0IjoiNy8yNy8yMDIzIDc6NDY6MjUgQU0iLCJuYmYiOjE2OTA0NDM5ODUsImV4cCI6MTY5MDQ0NDEwNSwiaXNzIjoiaHR0cDovL3d3dy5jLXNoYXJwY29ybmVyLmNvbS9tZW1iZXJzL2NhdGNoZXItd29uZyIsImF1ZCI6IkNhdGNoZXIgV29uZyJ9.5R3GmoL9-OAWtdz-IZK8fRoH6fBf9jY6CXUk8CXJSUc |url: http://localhost/UnitRegistration/UnitRegistration/ChemicalBlockEntry|action: ChemicalBlockEntry
2023-07-27 13:16:26.0863||INFO|CPDMS.Models.Utility.HttpWebClients|JWT token inti |url: http://localhost/UnitRegistration/UnitRegistration/ChemicalBlockEntry|action: ChemicalBlockEntry
2023-07-27 13:16:26.0863||INFO|CPDMS.Models.Utility.HttpWebClients|JWT token eyJhbGciOiJIUzI1NiIsInR5cCI6IkpXVCJ9.eyJzdWIiOiJjYXRjaGVyIiwianRpIjoiZmQ4MWQzZmUtYWZjOS00ODM2LTg5N2YtY2FmOWFjYThkOGM5IiwiaWF0IjoiNy8yNy8yMDIzIDc6NDY6MjYgQU0iLCJuYmYiOjE2OTA0NDM5ODYsImV4cCI6MTY5MDQ0NDEwNiwiaXNzIjoiaHR0cDovL3d3dy5jLXNoYXJwY29ybmVyLmNvbS9tZW1iZXJzL2NhdGNoZXItd29uZyIsImF1ZCI6IkNhdGNoZXIgV29uZyJ9.bbUuFwLEt3JPBNkqbAYSluSAEenjDicKJHU0El6ZZAg |url: http://localhost/UnitRegistration/UnitRegistration/ChemicalBlockEntry|action: ChemicalBlockEntry
2023-07-27 13:16:26.3341||INFO|CPDMS.Models.Utility.HttpWebClients|JWT token inti |url: http://localhost/UnitRegistration/UnitRegistration/ChemicalBlockEntry|action: ChemicalBlockEntry
2023-07-27 13:16:26.3341||INFO|CPDMS.Models.Utility.HttpWebClients|JWT token eyJhbGciOiJIUzI1NiIsInR5cCI6IkpXVCJ9.eyJzdWIiOiJjYXRjaGVyIiwianRpIjoiNmI2NDBhNWEtMzRlMS00MTFiLWFhZmQtMTYzYjUzNjZiY2ZlIiwiaWF0IjoiNy8yNy8yMDIzIDc6NDY6MjYgQU0iLCJuYmYiOjE2OTA0NDM5ODYsImV4cCI6MTY5MDQ0NDEwNiwiaXNzIjoiaHR0cDovL3d3dy5jLXNoYXJwY29ybmVyLmNvbS9tZW1iZXJzL2NhdGNoZXItd29uZyIsImF1ZCI6IkNhdGNoZXIgV29uZyJ9.8L1UCZRPcP_MdONdOrE-3g9aAizshAydoKomrxSFmqg |url: http://localhost/UnitRegistration/UnitRegistration/ChemicalBlockEntry|action: ChemicalBlockEntry
2023-07-27 13:16:26.6131||INFO|CPDMS.Models.Utility.HttpWebClients|JWT token inti |url: http://localhost/UnitRegistration/UnitRegistration/ChemicalBlockEntry|action: ChemicalBlockEntry
2023-07-27 13:16:26.6178||INFO|CPDMS.Models.Utility.HttpWebClients|JWT token eyJhbGciOiJIUzI1NiIsInR5cCI6IkpXVCJ9.eyJzdWIiOiJjYXRjaGVyIiwianRpIjoiYzc3YWYzNzktNzM5Ni00Mjc0LTg1ODQtYzIzZDgxZjY4MGM2IiwiaWF0IjoiNy8yNy8yMDIzIDc6NDY6MjYgQU0iLCJuYmYiOjE2OTA0NDM5ODYsImV4cCI6MTY5MDQ0NDEwNiwiaXNzIjoiaHR0cDovL3d3dy5jLXNoYXJwY29ybmVyLmNvbS9tZW1iZXJzL2NhdGNoZXItd29uZyIsImF1ZCI6IkNhdGNoZXIgV29uZyJ9.1hq9Fo72pG4pl24j7CFSTccrk9tlFNrjh9JbVmZBQYE |url: http://localhost/UnitRegistration/UnitRegistration/ChemicalBlockEntry|action: ChemicalBlockEntry
2023-07-27 13:16:50.1455||INFO|CPDMS.Models.Utility.HttpWebClients|JWT token inti |url: http://localhost/UnitRegistration/UnitRegistration/GetChemicalProduct|action: GetChemicalProduct
2023-07-27 13:16:50.1618||INFO|CPDMS.Models.Utility.HttpWebClients|JWT token eyJhbGciOiJIUzI1NiIsInR5cCI6IkpXVCJ9.eyJzdWIiOiJjYXRjaGVyIiwianRpIjoiNTFkM2U0YjEtZGY1My00YWY3LWI4OGQtMzc0Y2Q5NzlhZjQxIiwiaWF0IjoiNy8yNy8yMDIzIDc6NDY6NTAgQU0iLCJuYmYiOjE2OTA0NDQwMTAsImV4cCI6MTY5MDQ0NDEzMCwiaXNzIjoiaHR0cDovL3d3dy5jLXNoYXJwY29ybmVyLmNvbS9tZW1iZXJzL2NhdGNoZXItd29uZyIsImF1ZCI6IkNhdGNoZXIgV29uZyJ9.QrI_gRbEMP3meT42ID0rk-_r5nVU3xPKtSbs8WZQVzs |url: http://localhost/UnitRegistration/UnitRegistration/GetChemicalProduct|action: GetChemicalProduct
2023-07-27 13:16:55.9411||INFO|CPDMS.Models.Utility.HttpWebClients|JWT token inti |url: http://localhost/UnitRegistration/UnitRegistration/MonthlyChemicalAdd|action: MonthlyChemicalAdd
2023-07-27 13:16:55.9579||INFO|CPDMS.Models.Utility.HttpWebClients|JWT token eyJhbGciOiJIUzI1NiIsInR5cCI6IkpXVCJ9.eyJzdWIiOiJjYXRjaGVyIiwianRpIjoiN2Y1NTljNjgtYjA5NC00ZjUzLTg2MmItMDIyNzVlZWU0MWIwIiwiaWF0IjoiNy8yNy8yMDIzIDc6NDY6NTUgQU0iLCJuYmYiOjE2OTA0NDQwMTUsImV4cCI6MTY5MDQ0NDEzNSwiaXNzIjoiaHR0cDovL3d3dy5jLXNoYXJwY29ybmVyLmNvbS9tZW1iZXJzL2NhdGNoZXItd29uZyIsImF1ZCI6IkNhdGNoZXIgV29uZyJ9.jDzjYPUoAp9_mCs8DNS477LjViFYLS_i_zNVPxELI9g |url: http://localhost/UnitRegistration/UnitRegistration/MonthlyChemicalAdd|action: MonthlyChemicalAdd
2023-07-27 13:16:56.2073||INFO|CPDMS.Models.Utility.HttpWebClients|JWT token inti |url: http://localhost/UnitRegistration/UnitRegistration/MonthlyChemicalAdd|action: MonthlyChemicalAdd
2023-07-27 13:16:56.2073||INFO|CPDMS.Models.Utility.HttpWebClients|JWT token eyJhbGciOiJIUzI1NiIsInR5cCI6IkpXVCJ9.eyJzdWIiOiJjYXRjaGVyIiwianRpIjoiZTE0ZTlkNGEtYjU4My00ZGZiLWFhNmQtMzdlYzg1MDQyOWU1IiwiaWF0IjoiNy8yNy8yMDIzIDc6NDY6NTYgQU0iLCJuYmYiOjE2OTA0NDQwMTYsImV4cCI6MTY5MDQ0NDEzNiwiaXNzIjoiaHR0cDovL3d3dy5jLXNoYXJwY29ybmVyLmNvbS9tZW1iZXJzL2NhdGNoZXItd29uZyIsImF1ZCI6IkNhdGNoZXIgV29uZyJ9.-02MR04YBY-rLmKF7VGqbH8XEpeG2JyDvm9_Kn8ruro |url: http://localhost/UnitRegistration/UnitRegistration/MonthlyChemicalAdd|action: MonthlyChemicalAdd
2023-07-27 13:16:56.5922||INFO|CPDMS.Models.Utility.HttpWebClients|JWT token inti |url: http://localhost/UnitRegistration/UnitRegistration/MonthlyChemicalAdd|action: MonthlyChemicalAdd
2023-07-27 13:16:56.5922||INFO|CPDMS.Models.Utility.HttpWebClients|JWT token eyJhbGciOiJIUzI1NiIsInR5cCI6IkpXVCJ9.eyJzdWIiOiJjYXRjaGVyIiwianRpIjoiZDQwMGRkOGMtYjkwMS00MzgzLTkwYjctMTdmN2JiMmUxMjhiIiwiaWF0IjoiNy8yNy8yMDIzIDc6NDY6NTYgQU0iLCJuYmYiOjE2OTA0NDQwMTYsImV4cCI6MTY5MDQ0NDEzNiwiaXNzIjoiaHR0cDovL3d3dy5jLXNoYXJwY29ybmVyLmNvbS9tZW1iZXJzL2NhdGNoZXItd29uZyIsImF1ZCI6IkNhdGNoZXIgV29uZyJ9.lJpiixH6OO6yfsFu8-1DhPUqHUBPL08glp5gwxE8huc |url: http://localhost/UnitRegistration/UnitRegistration/MonthlyChemicalAdd|action: MonthlyChemicalAdd
2023-07-27 13:16:56.8443||INFO|CPDMS.Models.Utility.HttpWebClients|JWT token inti |url: http://localhost/UnitRegistration/UnitRegistration/MonthlyChemicalAdd|action: MonthlyChemicalAdd
2023-07-27 13:16:56.8486||INFO|CPDMS.Models.Utility.HttpWebClients|JWT token eyJhbGciOiJIUzI1NiIsInR5cCI6IkpXVCJ9.eyJzdWIiOiJjYXRjaGVyIiwianRpIjoiMGY3NzQwMmEtNTk3ZC00MDdhLWE4OGUtNTFkNDVlNzY5NDgzIiwiaWF0IjoiNy8yNy8yMDIzIDc6NDY6NTYgQU0iLCJuYmYiOjE2OTA0NDQwMTYsImV4cCI6MTY5MDQ0NDEzNiwiaXNzIjoiaHR0cDovL3d3dy5jLXNoYXJwY29ybmVyLmNvbS9tZW1iZXJzL2NhdGNoZXItd29uZyIsImF1ZCI6IkNhdGNoZXIgV29uZyJ9.9Qj3VATEoUzSQVByEmuzXLLXF-nPS-fVjmcbO0JxTaU |url: http://localhost/UnitRegistration/UnitRegistration/MonthlyChemicalAdd|action: MonthlyChemicalAdd
2023-07-27 13:16:57.0991||INFO|CPDMS.Models.Utility.HttpWebClients|JWT token inti |url: http://localhost/UnitRegistration/UnitRegistration/MonthlyChemicalAdd|action: MonthlyChemicalAdd
2023-07-27 13:16:57.0991||INFO|CPDMS.Models.Utility.HttpWebClients|JWT token eyJhbGciOiJIUzI1NiIsInR5cCI6IkpXVCJ9.eyJzdWIiOiJjYXRjaGVyIiwianRpIjoiOWRiMWEwZjItMzQyYi00ZTgyLTliYzktMzUyNzAxNzAwMDdiIiwiaWF0IjoiNy8yNy8yMDIzIDc6NDY6NTcgQU0iLCJuYmYiOjE2OTA0NDQwMTcsImV4cCI6MTY5MDQ0NDEzNywiaXNzIjoiaHR0cDovL3d3dy5jLXNoYXJwY29ybmVyLmNvbS9tZW1iZXJzL2NhdGNoZXItd29uZyIsImF1ZCI6IkNhdGNoZXIgV29uZyJ9.4qFvHJiNCo8EDdXva9gylbnQu8do8FeY7L-ipomqBM0 |url: http://localhost/UnitRegistration/UnitRegistration/MonthlyChemicalAdd|action: MonthlyChemicalAdd
2023-07-27 13:17:50.4917||INFO|CPDMS.Models.Utility.HttpWebClients|JWT token inti |url: http://localhost/|action: LandingPage
2023-07-27 13:17:50.4917||INFO|CPDMS.Models.Utility.HttpWebClients|JWT token eyJhbGciOiJIUzI1NiIsInR5cCI6IkpXVCJ9.eyJzdWIiOiJjYXRjaGVyIiwianRpIjoiMGZmYmQ0YmYtMDZjZi00NTczLTk3MDYtMmMxMmYyMzMyZmI4IiwiaWF0IjoiNy8yNy8yMDIzIDc6NDc6NTAgQU0iLCJuYmYiOjE2OTA0NDQwNzAsImV4cCI6MTY5MDQ0NDE5MCwiaXNzIjoiaHR0cDovL3d3dy5jLXNoYXJwY29ybmVyLmNvbS9tZW1iZXJzL2NhdGNoZXItd29uZyIsImF1ZCI6IkNhdGNoZXIgV29uZyJ9.1U79MtCjxqNZQID2gMIQxaaV_7ajQnDCp73rY2p8gZU |url: http://localhost/|action: LandingPage
2023-07-27 13:17:50.8257||INFO|CPDMS.Models.Utility.HttpWebClients|JWT token inti |url: http://localhost/|action: LandingPage
2023-07-27 13:17:50.8257||INFO|CPDMS.Models.Utility.HttpWebClients|JWT token eyJhbGciOiJIUzI1NiIsInR5cCI6IkpXVCJ9.eyJzdWIiOiJjYXRjaGVyIiwianRpIjoiYWJjYmM0OTYtMThhNC00ODgyLThlYWItNjI4YTBmMDJlNjIzIiwiaWF0IjoiNy8yNy8yMDIzIDc6NDc6NTAgQU0iLCJuYmYiOjE2OTA0NDQwNzAsImV4cCI6MTY5MDQ0NDE5MCwiaXNzIjoiaHR0cDovL3d3dy5jLXNoYXJwY29ybmVyLmNvbS9tZW1iZXJzL2NhdGNoZXItd29uZyIsImF1ZCI6IkNhdGNoZXIgV29uZyJ9.cTKpKIlSm5hitDy0LvrwaByPaKsnUlKfocvgO9WJAjg |url: http://localhost/|action: LandingPage
2023-07-27 13:17:53.3403||INFO|CPDMS.Models.Utility.HttpWebClients|JWT token inti |url: http://localhost/LandingPage/Home/Login|action: Login
2023-07-27 13:17:53.3533||INFO|CPDMS.Models.Utility.HttpWebClients|JWT token eyJhbGciOiJIUzI1NiIsInR5cCI6IkpXVCJ9.eyJzdWIiOiJjYXRjaGVyIiwianRpIjoiMzU1NjQzYWItNmZkZi00NDMyLTg1OWEtODIxMDQzMWIzYTNjIiwiaWF0IjoiNy8yNy8yMDIzIDc6NDc6NTMgQU0iLCJuYmYiOjE2OTA0NDQwNzMsImV4cCI6MTY5MDQ0NDE5MywiaXNzIjoiaHR0cDovL3d3dy5jLXNoYXJwY29ybmVyLmNvbS9tZW1iZXJzL2NhdGNoZXItd29uZyIsImF1ZCI6IkNhdGNoZXIgV29uZyJ9.uhTBZhRwu_MLnEC1WN5ArpE5DUlrdMozIbpgLl1hKTM |url: http://localhost/LandingPage/Home/Login|action: Login
2023-07-27 13:20:34.9266||INFO|CPDMS.Models.Utility.HttpWebClients|JWT token inti |url: http://localhost/LandingPage/Home/Login|action: Login
2023-07-27 13:20:34.9456||INFO|CPDMS.Models.Utility.HttpWebClients|JWT token eyJhbGciOiJIUzI1NiIsInR5cCI6IkpXVCJ9.eyJzdWIiOiJjYXRjaGVyIiwianRpIjoiZTZkZjczMGYtZGQ1ZS00ZjBmLWEyOTUtZTE5NmNhY2RiNmM5IiwiaWF0IjoiNy8yNy8yMDIzIDc6NTA6MzQgQU0iLCJuYmYiOjE2OTA0NDQyMzQsImV4cCI6MTY5MDQ0NDM1NCwiaXNzIjoiaHR0cDovL3d3dy5jLXNoYXJwY29ybmVyLmNvbS9tZW1iZXJzL2NhdGNoZXItd29uZyIsImF1ZCI6IkNhdGNoZXIgV29uZyJ9.JW5lw1SL2HbtjyTaySrTRypj4dJ1541LYbzldX5439I |url: http://localhost/LandingPage/Home/Login|action: Login
2023-07-27 13:21:38.9251||INFO|CPDMS.Models.Utility.HttpWebClients|JWT token inti |url: http://localhost/LandingPage/Home/Login|action: Login
2023-07-27 13:21:38.9251||INFO|CPDMS.Models.Utility.HttpWebClients|JWT token eyJhbGciOiJIUzI1NiIsInR5cCI6IkpXVCJ9.eyJzdWIiOiJjYXRjaGVyIiwianRpIjoiMTlkMDhiOTEtMTMwNi00ZjEyLWFhM2YtZTM5YjRjNzBkOWE2IiwiaWF0IjoiNy8yNy8yMDIzIDc6NTE6MzggQU0iLCJuYmYiOjE2OTA0NDQyOTgsImV4cCI6MTY5MDQ0NDQxOCwiaXNzIjoiaHR0cDovL3d3dy5jLXNoYXJwY29ybmVyLmNvbS9tZW1iZXJzL2NhdGNoZXItd29uZyIsImF1ZCI6IkNhdGNoZXIgV29uZyJ9.dnCjGFjYddiOC4lZ7lbh6pl22x4ACNIOobJbmdUFqgA |url: http://localhost/LandingPage/Home/Login|action: Login
2023-07-27 13:21:39.1919||INFO|CPDMS.Areas.CompanyRegistraion.Controllers.CompanyRegistrationController|compnay dashboard method called!!! |url: http://localhost/CompanyRegistraion/CompanyRegistration/CompanyDashboard|action: CompanyDashboard
2023-07-27 13:21:39.1919||INFO|CPDMS.Models.Utility.HttpWebClients|JWT token inti |url: http://localhost/CompanyRegistraion/CompanyRegistration/CompanyDashboard|action: CompanyDashboard
2023-07-27 13:21:39.1919||INFO|CPDMS.Models.Utility.HttpWebClients|JWT token eyJhbGciOiJIUzI1NiIsInR5cCI6IkpXVCJ9.eyJzdWIiOiJjYXRjaGVyIiwianRpIjoiYTNmYmI4NDAtOTI0Ni00ODYzLWFkNDItMjQ3MDdlOTNhMzE1IiwiaWF0IjoiNy8yNy8yMDIzIDc6NTE6MzkgQU0iLCJuYmYiOjE2OTA0NDQyOTksImV4cCI6MTY5MDQ0NDQxOSwiaXNzIjoiaHR0cDovL3d3dy5jLXNoYXJwY29ybmVyLmNvbS9tZW1iZXJzL2NhdGNoZXItd29uZyIsImF1ZCI6IkNhdGNoZXIgV29uZyJ9.T45wYhy1tfbtgfDVNoFNgjbdTB0hlLOuwxjbdEciF-w |url: http://localhost/CompanyRegistraion/CompanyRegistration/CompanyDashboard|action: CompanyDashboard
2023-07-27 13:21:39.4411||INFO|CPDMS.Areas.CompanyRegistraion.Controllers.CompanyRegistrationController|unit detailsSystem.Collections.Generic.List`1[CPDMSEF.UnitDetailsEF] |url: http://localhost/CompanyRegistraion/CompanyRegistration/CompanyDashboard|action: CompanyDashboard
2023-07-27 13:21:39.4411||INFO|CPDMS.Models.Utility.HttpWebClients|JWT token inti |url: http://localhost/CompanyRegistraion/CompanyRegistration/CompanyDashboard|action: CompanyDashboard
2023-07-27 13:21:39.4411||INFO|CPDMS.Models.Utility.HttpWebClients|JWT token eyJhbGciOiJIUzI1NiIsInR5cCI6IkpXVCJ9.eyJzdWIiOiJjYXRjaGVyIiwianRpIjoiYmVjNmE2YjYtYjQzYS00MmE5LTg2ODAtMGNkZDY1NWI3NzAyIiwiaWF0IjoiNy8yNy8yMDIzIDc6NTE6MzkgQU0iLCJuYmYiOjE2OTA0NDQyOTksImV4cCI6MTY5MDQ0NDQxOSwiaXNzIjoiaHR0cDovL3d3dy5jLXNoYXJwY29ybmVyLmNvbS9tZW1iZXJzL2NhdGNoZXItd29uZyIsImF1ZCI6IkNhdGNoZXIgV29uZyJ9.NYOaFh0cx1sFW_CqOTiFmdLOOpDYMcPooiFDKEeQksg |url: http://localhost/CompanyRegistraion/CompanyRegistration/CompanyDashboard|action: CompanyDashboard
2023-07-27 13:21:39.6885||INFO|CPDMS.Models.Utility.HttpWebClients|JWT token inti |url: http://localhost/CompanyRegistraion/CompanyRegistration/CompanyDashboard|action: CompanyDashboard
2023-07-27 13:21:39.6927||INFO|CPDMS.Models.Utility.HttpWebClients|JWT token eyJhbGciOiJIUzI1NiIsInR5cCI6IkpXVCJ9.eyJzdWIiOiJjYXRjaGVyIiwianRpIjoiMDYxYWJjYmUtZTk0OS00MmYyLWFjMjYtMDA4ZmUxYjhkMWQxIiwiaWF0IjoiNy8yNy8yMDIzIDc6NTE6MzkgQU0iLCJuYmYiOjE2OTA0NDQyOTksImV4cCI6MTY5MDQ0NDQxOSwiaXNzIjoiaHR0cDovL3d3dy5jLXNoYXJwY29ybmVyLmNvbS9tZW1iZXJzL2NhdGNoZXItd29uZyIsImF1ZCI6IkNhdGNoZXIgV29uZyJ9.Z4_pGBltJsD3bliLmYAiCsHhOKUxcO6OxZ9Iz9NiFDE |url: http://localhost/CompanyRegistraion/CompanyRegistration/CompanyDashboard|action: CompanyDashboard
2023-07-27 13:21:39.9418||INFO|CPDMS.Models.Utility.HttpWebClients|JWT token inti |url: http://localhost/CompanyRegistraion/CompanyRegistration/CompanyDashboard|action: CompanyDashboard
2023-07-27 13:21:39.9418||INFO|CPDMS.Models.Utility.HttpWebClients|JWT token eyJhbGciOiJIUzI1NiIsInR5cCI6IkpXVCJ9.eyJzdWIiOiJjYXRjaGVyIiwianRpIjoiYWZhYzMwMDQtYTJhYS00ODIwLTg2ZDUtNThkMjVmOGRiOTYzIiwiaWF0IjoiNy8yNy8yMDIzIDc6NTE6MzkgQU0iLCJuYmYiOjE2OTA0NDQyOTksImV4cCI6MTY5MDQ0NDQxOSwiaXNzIjoiaHR0cDovL3d3dy5jLXNoYXJwY29ybmVyLmNvbS9tZW1iZXJzL2NhdGNoZXItd29uZyIsImF1ZCI6IkNhdGNoZXIgV29uZyJ9.x-YOEwDvSht8jW_36l0zwgxVKp5TZgxW7NmRMauL3cQ |url: http://localhost/CompanyRegistraion/CompanyRegistration/CompanyDashboard|action: CompanyDashboard
2023-07-27 13:21:39.9418||INFO|CPDMS.Models.Utility.HttpWebClients|JWT token inti |url: http://localhost/CompanyRegistraion/CompanyRegistration/CompanyDashboard|action: CompanyDashboard
2023-07-27 13:21:39.9591||INFO|CPDMS.Models.Utility.HttpWebClients|JWT token eyJhbGciOiJIUzI1NiIsInR5cCI6IkpXVCJ9.eyJzdWIiOiJjYXRjaGVyIiwianRpIjoiZjIxZjZjZjYtMzMxNy00MWUzLWEzMWEtZTliNDA1ZTY5OThjIiwiaWF0IjoiNy8yNy8yMDIzIDc6NTE6MzkgQU0iLCJuYmYiOjE2OTA0NDQyOTksImV4cCI6MTY5MDQ0NDQxOSwiaXNzIjoiaHR0cDovL3d3dy5jLXNoYXJwY29ybmVyLmNvbS9tZW1iZXJzL2NhdGNoZXItd29uZyIsImF1ZCI6IkNhdGNoZXIgV29uZyJ9.QrdNMMexLxkfUGHChtYNX8ZpuRq5BuOkVfBH7WwUx-4 |url: http://localhost/CompanyRegistraion/CompanyRegistration/CompanyDashboard|action: CompanyDashboard
2023-07-27 13:21:40.2986||INFO|CPDMS.Models.Utility.HttpWebClients|JWT token inti |url: http://localhost/CompanyRegistraion/CompanyRegistration/CompanyDashboard|action: CompanyDashboard
2023-07-27 13:21:40.3034||INFO|CPDMS.Models.Utility.HttpWebClients|JWT token eyJhbGciOiJIUzI1NiIsInR5cCI6IkpXVCJ9.eyJzdWIiOiJjYXRjaGVyIiwianRpIjoiZjBiYTE0NzQtNzcyNi00OTkzLWI5MmEtODI5YWFmNzhkZTI1IiwiaWF0IjoiNy8yNy8yMDIzIDc6NTE6NDAgQU0iLCJuYmYiOjE2OTA0NDQzMDAsImV4cCI6MTY5MDQ0NDQyMCwiaXNzIjoiaHR0cDovL3d3dy5jLXNoYXJwY29ybmVyLmNvbS9tZW1iZXJzL2NhdGNoZXItd29uZyIsImF1ZCI6IkNhdGNoZXIgV29uZyJ9.f4MlJ0n6KfoqjnLkrX5l426UekRYdm4UJhdbsTOzkJI |url: http://localhost/CompanyRegistraion/CompanyRegistration/CompanyDashboard|action: CompanyDashboard
2023-07-27 13:22:08.4003||INFO|CPDMS.Models.Utility.HttpWebClients|JWT token inti |url: http://localhost/CompanyRegistraion/CompanyRegistration/CompanyEntryAdd|action: CompanyEntryAdd
2023-07-27 13:22:08.4003||INFO|CPDMS.Models.Utility.HttpWebClients|JWT token eyJhbGciOiJIUzI1NiIsInR5cCI6IkpXVCJ9.eyJzdWIiOiJjYXRjaGVyIiwianRpIjoiNzg3ZDk0MWEtMGM5OS00ZjExLWE0MTctZDRhNmNiMWU1NDg0IiwiaWF0IjoiNy8yNy8yMDIzIDc6NTI6MDggQU0iLCJuYmYiOjE2OTA0NDQzMjgsImV4cCI6MTY5MDQ0NDQ0OCwiaXNzIjoiaHR0cDovL3d3dy5jLXNoYXJwY29ybmVyLmNvbS9tZW1iZXJzL2NhdGNoZXItd29uZyIsImF1ZCI6IkNhdGNoZXIgV29uZyJ9._1A-UI4_KIeEs7LkEu9CIlVjOI53KCeNzal7BLB7Uzo |url: http://localhost/CompanyRegistraion/CompanyRegistration/CompanyEntryAdd|action: CompanyEntryAdd
2023-07-27 13:22:08.6898||INFO|CPDMS.Models.Utility.HttpWebClients|JWT token inti |url: http://localhost/CompanyRegistraion/CompanyRegistration/CompanyEntryAdd|action: CompanyEntryAdd
2023-07-27 13:22:08.6946||INFO|CPDMS.Models.Utility.HttpWebClients|JWT token eyJhbGciOiJIUzI1NiIsInR5cCI6IkpXVCJ9.eyJzdWIiOiJjYXRjaGVyIiwianRpIjoiZGZhMjFjNzAtZDRkOS00NGZkLWFmNjYtNGM0MmZhZWNiMTE4IiwiaWF0IjoiNy8yNy8yMDIzIDc6NTI6MDggQU0iLCJuYmYiOjE2OTA0NDQzMjgsImV4cCI6MTY5MDQ0NDQ0OCwiaXNzIjoiaHR0cDovL3d3dy5jLXNoYXJwY29ybmVyLmNvbS9tZW1iZXJzL2NhdGNoZXItd29uZyIsImF1ZCI6IkNhdGNoZXIgV29uZyJ9.0A9DVtnMM3a8IYMI2KWDOR9IwUmBGGd7ToVBa4x0YCY |url: http://localhost/CompanyRegistraion/CompanyRegistration/CompanyEntryAdd|action: CompanyEntryAdd
2023-07-27 14:23:46.8004||INFO|CPDMS.Models.Utility.HttpWebClients|JWT token inti |url: http://localhost/CompanyRegistraion/CompanyRegistration/Profile|action: Profile
2023-07-27 14:23:46.8272||INFO|CPDMS.Models.Utility.HttpWebClients|JWT token eyJhbGciOiJIUzI1NiIsInR5cCI6IkpXVCJ9.eyJzdWIiOiJjYXRjaGVyIiwianRpIjoiZGUxYmU5NzQtZTRlOC00MzIwLTg2ZmEtZTQwNTU4OGFhM2JmIiwiaWF0IjoiNy8yNy8yMDIzIDg6NTM6NDYgQU0iLCJuYmYiOjE2OTA0NDgwMjYsImV4cCI6MTY5MDQ0ODE0NiwiaXNzIjoiaHR0cDovL3d3dy5jLXNoYXJwY29ybmVyLmNvbS9tZW1iZXJzL2NhdGNoZXItd29uZyIsImF1ZCI6IkNhdGNoZXIgV29uZyJ9.WGY8BpBkF0wapqtzRIe6RT5Un4kBnOpku-JEGmtkDNE |url: http://localhost/CompanyRegistraion/CompanyRegistration/Profile|action: Profile
2023-07-27 14:23:48.0785||FATAL|CPDMS.Areas.CompanyRegistraion.Controllers.CompanyRegistrationController|Exception:::::: System.ArgumentNullException: Value cannot be null. (Parameter 'value')
   at CPDMS.Areas.CompanyRegistraion.Models.UnitRegistration.CompanyModel.Profile(DashboardRequestEF objOpenModel)
   at CPDMS.Areas.CompanyRegistraion.Controllers.CompanyRegistrationController.Profile() |url: http://localhost/CompanyRegistraion/CompanyRegistration/Profile|action: Profile
2023-07-27 14:23:48.0822||INFO|CPDMS.Models.Utility.HttpWebClients|JWT token inti |url: http://localhost/LandingPage/Home/Login|action: Login
2023-07-27 14:23:48.0822||INFO|CPDMS.Models.Utility.HttpWebClients|JWT token eyJhbGciOiJIUzI1NiIsInR5cCI6IkpXVCJ9.eyJzdWIiOiJjYXRjaGVyIiwianRpIjoiZjcxZWRhYzEtZmNkNS00MDdhLWEwODMtN2UxMTI0ZTcwZjc1IiwiaWF0IjoiNy8yNy8yMDIzIDg6NTM6NDggQU0iLCJuYmYiOjE2OTA0NDgwMjgsImV4cCI6MTY5MDQ0ODE0OCwiaXNzIjoiaHR0cDovL3d3dy5jLXNoYXJwY29ybmVyLmNvbS9tZW1iZXJzL2NhdGNoZXItd29uZyIsImF1ZCI6IkNhdGNoZXIgV29uZyJ9.C5nsdFXxioKQb5ZB4RwXfgkc7A2ng1HKZYWwSjReK3E |url: http://localhost/LandingPage/Home/Login|action: Login
2023-07-27 14:23:48.5706||INFO|CPDMS.Models.Utility.HttpWebClients|JWT token inti |url: http://localhost/LandingPage/Home/Login|action: Login
2023-07-27 14:23:48.5706||INFO|CPDMS.Models.Utility.HttpWebClients|JWT token eyJhbGciOiJIUzI1NiIsInR5cCI6IkpXVCJ9.eyJzdWIiOiJjYXRjaGVyIiwianRpIjoiZTIxOWQ5ZTgtZjk0Yy00NmE1LWJlOTAtY2ZlNTBlZDhmOTI5IiwiaWF0IjoiNy8yNy8yMDIzIDg6NTM6NDggQU0iLCJuYmYiOjE2OTA0NDgwMjgsImV4cCI6MTY5MDQ0ODE0OCwiaXNzIjoiaHR0cDovL3d3dy5jLXNoYXJwY29ybmVyLmNvbS9tZW1iZXJzL2NhdGNoZXItd29uZyIsImF1ZCI6IkNhdGNoZXIgV29uZyJ9.YaWHdJ5F7ccz8HiORq0XZy4ySTtGFRq1svja5NckunI |url: http://localhost/LandingPage/Home/Login|action: Login
2023-07-27 14:23:48.8477||ERROR|Microsoft.AspNetCore.Diagnostics.DeveloperExceptionPageMiddleware|An unhandled exception has occurred while executing the request. System.ArgumentNullException: Value cannot be null. (Parameter 'value')
   at CPDMS.Areas.LandingPage.Models.Login.LoginModel.visitcount(VisitcountEF visitcountEF)
   at CPDMS.Areas.LandingPage.Controllers.HomeController.Login()
   at lambda_method1013(Closure , Object , Object[] )
   at Microsoft.AspNetCore.Mvc.Infrastructure.ActionMethodExecutor.SyncActionResultExecutor.Execute(IActionResultTypeMapper mapper, ObjectMethodExecutor executor, Object controller, Object[] arguments)
   at Microsoft.AspNetCore.Mvc.Infrastructure.ControllerActionInvoker.<InvokeActionMethodAsync>g__Logged|12_1(ControllerActionInvoker invoker)
   at Microsoft.AspNetCore.Mvc.Infrastructure.ControllerActionInvoker.<InvokeNextActionFilterAsync>g__Awaited|10_0(ControllerActionInvoker invoker, Task lastTask, State next, Scope scope, Object state, Boolean isCompleted)
   at Microsoft.AspNetCore.Mvc.Infrastructure.ControllerActionInvoker.Rethrow(ActionExecutedContextSealed context)
   at Microsoft.AspNetCore.Mvc.Infrastructure.ControllerActionInvoker.Next(State& next, Scope& scope, Object& state, Boolean& isCompleted)
   at Microsoft.AspNetCore.Mvc.Infrastructure.ControllerActionInvoker.InvokeInnerFilterAsync()
--- End of stack trace from previous location ---
   at Microsoft.AspNetCore.Mvc.Infrastructure.ResourceInvoker.<InvokeNextExceptionFilterAsync>g__Awaited|26_0(ResourceInvoker invoker, Task lastTask, State next, Scope scope, Object state, Boolean isCompleted)
   at Microsoft.AspNetCore.Mvc.Infrastructure.ResourceInvoker.Rethrow(ExceptionContextSealed context)
   at Microsoft.AspNetCore.Mvc.Infrastructure.ResourceInvoker.Next(State& next, Scope& scope, Object& state, Boolean& isCompleted)
   at Microsoft.AspNetCore.Mvc.Infrastructure.ResourceInvoker.InvokeNextResourceFilter()
--- End of stack trace from previous location ---
   at Microsoft.AspNetCore.Mvc.Infrastructure.ResourceInvoker.Rethrow(ResourceExecutedContextSealed context)
   at Microsoft.AspNetCore.Mvc.Infrastructure.ResourceInvoker.Next(State& next, Scope& scope, Object& state, Boolean& isCompleted)
   at Microsoft.AspNetCore.Mvc.Infrastructure.ResourceInvoker.InvokeFilterPipelineAsync()
--- End of stack trace from previous location ---
   at Microsoft.AspNetCore.Mvc.Infrastructure.ResourceInvoker.<InvokeAsync>g__Logged|17_1(ResourceInvoker invoker)
   at Microsoft.AspNetCore.Mvc.Infrastructure.ResourceInvoker.<InvokeAsync>g__Logged|17_1(ResourceInvoker invoker)
   at Microsoft.AspNetCore.Routing.EndpointMiddleware.<Invoke>g__AwaitRequestTask|6_0(Endpoint endpoint, Task requestTask, ILogger logger)
   at Microsoft.AspNetCore.Authorization.AuthorizationMiddleware.Invoke(HttpContext context)
   at Microsoft.AspNetCore.Authentication.AuthenticationMiddleware.Invoke(HttpContext context)
   at Microsoft.AspNetCore.Session.SessionMiddleware.Invoke(HttpContext context)
   at Microsoft.AspNetCore.Session.SessionMiddleware.Invoke(HttpContext context)
   at Microsoft.AspNetCore.Localization.RequestLocalizationMiddleware.Invoke(HttpContext context)
   at Microsoft.AspNetCore.Diagnostics.DeveloperExceptionPageMiddleware.Invoke(HttpContext context)|url: http://localhost/LandingPage/Home/Login|action: Login
2023-07-27 14:23:57.8008||INFO|CPDMS.Models.Utility.HttpWebClients|JWT token inti |url: http://localhost/CompanyRegistraion/CompanyRegistration/CompanyEntryAdd|action: CompanyEntryAdd
2023-07-27 14:23:57.8008||INFO|CPDMS.Models.Utility.HttpWebClients|JWT token eyJhbGciOiJIUzI1NiIsInR5cCI6IkpXVCJ9.eyJzdWIiOiJjYXRjaGVyIiwianRpIjoiZWY5YjdhYzEtZDc0MC00OWMxLTg5MjMtZjkyOTBmZDVhZjI3IiwiaWF0IjoiNy8yNy8yMDIzIDg6NTM6NTcgQU0iLCJuYmYiOjE2OTA0NDgwMzcsImV4cCI6MTY5MDQ0ODE1NywiaXNzIjoiaHR0cDovL3d3dy5jLXNoYXJwY29ybmVyLmNvbS9tZW1iZXJzL2NhdGNoZXItd29uZyIsImF1ZCI6IkNhdGNoZXIgV29uZyJ9.Y2QfKnJtAUq8tpdmtR9MJwpoeUmtJttbb56alzye5HM |url: http://localhost/CompanyRegistraion/CompanyRegistration/CompanyEntryAdd|action: CompanyEntryAdd
2023-07-27 14:23:58.4842||FATAL|CPDMS.Areas.CompanyRegistraion.Controllers.CompanyRegistrationController|Exception:::::: System.ArgumentNullException: Value cannot be null. (Parameter 'value')
   at CPDMS.Areas.CompanyRegistraion.Models.UnitRegistration.CompanyModel.GetStateList(MasterEF objOpenModel)
   at CPDMS.Areas.CompanyRegistraion.Controllers.CompanyRegistrationController.CompanyEntryAdd(Int32 id) |url: http://localhost/CompanyRegistraion/CompanyRegistration/CompanyEntryAdd|action: CompanyEntryAdd
2023-07-27 14:24:12.5196||INFO|CPDMS.Models.Utility.HttpWebClients|JWT token inti |url: http://localhost/CompanyRegistraion/CompanyRegistration/Profile|action: Profile
2023-07-27 14:24:12.5196||INFO|CPDMS.Models.Utility.HttpWebClients|JWT token eyJhbGciOiJIUzI1NiIsInR5cCI6IkpXVCJ9.eyJzdWIiOiJjYXRjaGVyIiwianRpIjoiMmFiOWNiZTMtMWZmYS00Y2I4LTljYjItZWUwNmNlMWQ4NjY1IiwiaWF0IjoiNy8yNy8yMDIzIDg6NTQ6MTIgQU0iLCJuYmYiOjE2OTA0NDgwNTIsImV4cCI6MTY5MDQ0ODE3MiwiaXNzIjoiaHR0cDovL3d3dy5jLXNoYXJwY29ybmVyLmNvbS9tZW1iZXJzL2NhdGNoZXItd29uZyIsImF1ZCI6IkNhdGNoZXIgV29uZyJ9.lka5jSnXZ38kRGgi_WsVH8kCZms2XNlgDuhJs4zHS8c |url: http://localhost/CompanyRegistraion/CompanyRegistration/Profile|action: Profile
2023-07-27 14:24:12.9920||FATAL|CPDMS.Areas.CompanyRegistraion.Controllers.CompanyRegistrationController|Exception:::::: System.ArgumentNullException: Value cannot be null. (Parameter 'value')
   at CPDMS.Areas.CompanyRegistraion.Models.UnitRegistration.CompanyModel.Profile(DashboardRequestEF objOpenModel)
   at CPDMS.Areas.CompanyRegistraion.Controllers.CompanyRegistrationController.Profile() |url: http://localhost/CompanyRegistraion/CompanyRegistration/Profile|action: Profile
2023-07-27 14:24:13.0072||INFO|CPDMS.Models.Utility.HttpWebClients|JWT token inti |url: http://localhost/LandingPage/Home/Login|action: Login
2023-07-27 14:24:13.0072||INFO|CPDMS.Models.Utility.HttpWebClients|JWT token eyJhbGciOiJIUzI1NiIsInR5cCI6IkpXVCJ9.eyJzdWIiOiJjYXRjaGVyIiwianRpIjoiYzJmNTlmZjktYjk2OC00MzgxLTllMjgtMzViZWE3NTlkMTcwIiwiaWF0IjoiNy8yNy8yMDIzIDg6NTQ6MTMgQU0iLCJuYmYiOjE2OTA0NDgwNTMsImV4cCI6MTY5MDQ0ODE3MywiaXNzIjoiaHR0cDovL3d3dy5jLXNoYXJwY29ybmVyLmNvbS9tZW1iZXJzL2NhdGNoZXItd29uZyIsImF1ZCI6IkNhdGNoZXIgV29uZyJ9.aEHK-VJN7L81B8TSeFoMOku5_Q2QvBoGLyfIZMkvW9g |url: http://localhost/LandingPage/Home/Login|action: Login
2023-07-27 14:24:13.4921||INFO|CPDMS.Models.Utility.HttpWebClients|JWT token inti |url: http://localhost/LandingPage/Home/Login|action: Login
2023-07-27 14:24:13.4921||INFO|CPDMS.Models.Utility.HttpWebClients|JWT token eyJhbGciOiJIUzI1NiIsInR5cCI6IkpXVCJ9.eyJzdWIiOiJjYXRjaGVyIiwianRpIjoiOGZmMGRhYzMtYzc4Mi00MmFhLThlNDktZjc0YjNkNDZjOTBmIiwiaWF0IjoiNy8yNy8yMDIzIDg6NTQ6MTMgQU0iLCJuYmYiOjE2OTA0NDgwNTMsImV4cCI6MTY5MDQ0ODE3MywiaXNzIjoiaHR0cDovL3d3dy5jLXNoYXJwY29ybmVyLmNvbS9tZW1iZXJzL2NhdGNoZXItd29uZyIsImF1ZCI6IkNhdGNoZXIgV29uZyJ9.QI1fd-buazo40Pz7-1GQz6f2RpWIwgHvXJlnzTDEs2Y |url: http://localhost/LandingPage/Home/Login|action: Login
2023-07-27 14:24:13.8403||ERROR|Microsoft.AspNetCore.Diagnostics.DeveloperExceptionPageMiddleware|An unhandled exception has occurred while executing the request. System.ArgumentNullException: Value cannot be null. (Parameter 'value')
   at CPDMS.Areas.LandingPage.Models.Login.LoginModel.visitcount(VisitcountEF visitcountEF)
   at CPDMS.Areas.LandingPage.Controllers.HomeController.Login()
   at lambda_method1013(Closure , Object , Object[] )
   at Microsoft.AspNetCore.Mvc.Infrastructure.ActionMethodExecutor.SyncActionResultExecutor.Execute(IActionResultTypeMapper mapper, ObjectMethodExecutor executor, Object controller, Object[] arguments)
   at Microsoft.AspNetCore.Mvc.Infrastructure.ControllerActionInvoker.<InvokeActionMethodAsync>g__Logged|12_1(ControllerActionInvoker invoker)
   at Microsoft.AspNetCore.Mvc.Infrastructure.ControllerActionInvoker.<InvokeNextActionFilterAsync>g__Awaited|10_0(ControllerActionInvoker invoker, Task lastTask, State next, Scope scope, Object state, Boolean isCompleted)
   at Microsoft.AspNetCore.Mvc.Infrastructure.ControllerActionInvoker.Rethrow(ActionExecutedContextSealed context)
   at Microsoft.AspNetCore.Mvc.Infrastructure.ControllerActionInvoker.Next(State& next, Scope& scope, Object& state, Boolean& isCompleted)
   at Microsoft.AspNetCore.Mvc.Infrastructure.ControllerActionInvoker.InvokeInnerFilterAsync()
--- End of stack trace from previous location ---
   at Microsoft.AspNetCore.Mvc.Infrastructure.ResourceInvoker.<InvokeNextExceptionFilterAsync>g__Awaited|26_0(ResourceInvoker invoker, Task lastTask, State next, Scope scope, Object state, Boolean isCompleted)
   at Microsoft.AspNetCore.Mvc.Infrastructure.ResourceInvoker.Rethrow(ExceptionContextSealed context)
   at Microsoft.AspNetCore.Mvc.Infrastructure.ResourceInvoker.Next(State& next, Scope& scope, Object& state, Boolean& isCompleted)
   at Microsoft.AspNetCore.Mvc.Infrastructure.ResourceInvoker.InvokeNextResourceFilter()
--- End of stack trace from previous location ---
   at Microsoft.AspNetCore.Mvc.Infrastructure.ResourceInvoker.Rethrow(ResourceExecutedContextSealed context)
   at Microsoft.AspNetCore.Mvc.Infrastructure.ResourceInvoker.Next(State& next, Scope& scope, Object& state, Boolean& isCompleted)
   at Microsoft.AspNetCore.Mvc.Infrastructure.ResourceInvoker.InvokeFilterPipelineAsync()
--- End of stack trace from previous location ---
   at Microsoft.AspNetCore.Mvc.Infrastructure.ResourceInvoker.<InvokeAsync>g__Logged|17_1(ResourceInvoker invoker)
   at Microsoft.AspNetCore.Mvc.Infrastructure.ResourceInvoker.<InvokeAsync>g__Logged|17_1(ResourceInvoker invoker)
   at Microsoft.AspNetCore.Routing.EndpointMiddleware.<Invoke>g__AwaitRequestTask|6_0(Endpoint endpoint, Task requestTask, ILogger logger)
   at Microsoft.AspNetCore.Authorization.AuthorizationMiddleware.Invoke(HttpContext context)
   at Microsoft.AspNetCore.Authentication.AuthenticationMiddleware.Invoke(HttpContext context)
   at Microsoft.AspNetCore.Session.SessionMiddleware.Invoke(HttpContext context)
   at Microsoft.AspNetCore.Session.SessionMiddleware.Invoke(HttpContext context)
   at Microsoft.AspNetCore.Localization.RequestLocalizationMiddleware.Invoke(HttpContext context)
   at Microsoft.AspNetCore.Diagnostics.DeveloperExceptionPageMiddleware.Invoke(HttpContext context)|url: http://localhost/LandingPage/Home/Login|action: Login
2023-07-27 18:03:16.8149||DEBUG|CPDMS.Program|init main function |url: |action: 
2023-07-27 18:03:20.1098||INFO|CPDMS.Models.Utility.HttpWebClients|JWT token inti |url: http://localhost/|action: LandingPage
2023-07-27 18:03:21.9368||INFO|CPDMS.Models.Utility.HttpWebClients|JWT token eyJhbGciOiJIUzI1NiIsInR5cCI6IkpXVCJ9.eyJzdWIiOiJjYXRjaGVyIiwianRpIjoiMDdjY2M4NTgtMTZlMy00OTNmLWE2YWEtODVhY2NhZDc0ZDc2IiwiaWF0IjoiNy8yNy8yMDIzIDEyOjMzOjIxIFBNIiwibmJmIjoxNjkwNDYxMjAxLCJleHAiOjE2OTA0NjEzMjEsImlzcyI6Imh0dHA6Ly93d3cuYy1zaGFycGNvcm5lci5jb20vbWVtYmVycy9jYXRjaGVyLXdvbmciLCJhdWQiOiJDYXRjaGVyIFdvbmcifQ.NESHA8eGBip3QUx8-0NXurAb5QctFTLRQxzy7oxVOG4 |url: http://localhost/|action: LandingPage
2023-07-27 18:03:24.1777||INFO|CPDMS.Models.Utility.HttpWebClients|JWT token inti |url: http://localhost/|action: LandingPage
2023-07-27 18:03:24.1944||INFO|CPDMS.Models.Utility.HttpWebClients|JWT token eyJhbGciOiJIUzI1NiIsInR5cCI6IkpXVCJ9.eyJzdWIiOiJjYXRjaGVyIiwianRpIjoiYTgzMzJlZTctY2FjNC00MzkxLTg4NDQtNjZhYTc1ZWY5MDkyIiwiaWF0IjoiNy8yNy8yMDIzIDEyOjMzOjI0IFBNIiwibmJmIjoxNjkwNDYxMjA0LCJleHAiOjE2OTA0NjEzMjQsImlzcyI6Imh0dHA6Ly93d3cuYy1zaGFycGNvcm5lci5jb20vbWVtYmVycy9jYXRjaGVyLXdvbmciLCJhdWQiOiJDYXRjaGVyIFdvbmcifQ.rYaTE20H2ls279m5w7RtFKo4z87rEWN2rRvSKOatHGM |url: http://localhost/|action: LandingPage
2023-07-27 18:12:02.2116||INFO|CPDMS.Models.Utility.HttpWebClients|JWT token inti |url: http://localhost/LandingPage/Home/LandingPage|action: LandingPage
2023-07-27 18:12:02.2268||INFO|CPDMS.Models.Utility.HttpWebClients|JWT token eyJhbGciOiJIUzI1NiIsInR5cCI6IkpXVCJ9.eyJzdWIiOiJjYXRjaGVyIiwianRpIjoiYzJjZDIxYTktZjk4My00NmFjLWJkNTMtMzdhOWQ3YWZiNTIxIiwiaWF0IjoiNy8yNy8yMDIzIDEyOjQyOjAyIFBNIiwibmJmIjoxNjkwNDYxNzIyLCJleHAiOjE2OTA0NjE4NDIsImlzcyI6Imh0dHA6Ly93d3cuYy1zaGFycGNvcm5lci5jb20vbWVtYmVycy9jYXRjaGVyLXdvbmciLCJhdWQiOiJDYXRjaGVyIFdvbmcifQ.IF6Mb3_3mFfb8q4quNIJVpc7wLGsSjfsMC3D5i-v77A |url: http://localhost/LandingPage/Home/LandingPage|action: LandingPage
2023-07-27 18:12:02.5466||INFO|CPDMS.Models.Utility.HttpWebClients|JWT token inti |url: http://localhost/LandingPage/Home/LandingPage|action: LandingPage
2023-07-27 18:12:02.5615||INFO|CPDMS.Models.Utility.HttpWebClients|JWT token eyJhbGciOiJIUzI1NiIsInR5cCI6IkpXVCJ9.eyJzdWIiOiJjYXRjaGVyIiwianRpIjoiNTJhMmU1ZGUtYTFiZS00NzU5LWE1ZmItZjJhMmE4MjI0OTBiIiwiaWF0IjoiNy8yNy8yMDIzIDEyOjQyOjAyIFBNIiwibmJmIjoxNjkwNDYxNzIyLCJleHAiOjE2OTA0NjE4NDIsImlzcyI6Imh0dHA6Ly93d3cuYy1zaGFycGNvcm5lci5jb20vbWVtYmVycy9jYXRjaGVyLXdvbmciLCJhdWQiOiJDYXRjaGVyIFdvbmcifQ.Lk2sDETCwqMXn5vYDUTYQna8BNcFbxS8_Qz6g_vvYYs |url: http://localhost/LandingPage/Home/LandingPage|action: LandingPage
2023-07-27 18:15:26.7553||INFO|CPDMS.Models.Utility.HttpWebClients|JWT token inti |url: http://localhost/LandingPage/Home/LandingPage|action: LandingPage
2023-07-27 18:15:26.7553||INFO|CPDMS.Models.Utility.HttpWebClients|JWT token eyJhbGciOiJIUzI1NiIsInR5cCI6IkpXVCJ9.eyJzdWIiOiJjYXRjaGVyIiwianRpIjoiNDhiMmY0ZjktNjIwNi00ZTM3LWEzZjQtYzZkMWM0ZTZiYzk2IiwiaWF0IjoiNy8yNy8yMDIzIDEyOjQ1OjI2IFBNIiwibmJmIjoxNjkwNDYxOTI2LCJleHAiOjE2OTA0NjIwNDYsImlzcyI6Imh0dHA6Ly93d3cuYy1zaGFycGNvcm5lci5jb20vbWVtYmVycy9jYXRjaGVyLXdvbmciLCJhdWQiOiJDYXRjaGVyIFdvbmcifQ.lwbFh3aI-9vVfjsF-N0-JNG5PeEFy0ftsYXqOatufKI |url: http://localhost/LandingPage/Home/LandingPage|action: LandingPage
2023-07-27 18:15:26.9911||INFO|CPDMS.Models.Utility.HttpWebClients|JWT token inti |url: http://localhost/LandingPage/Home/LandingPage|action: LandingPage
2023-07-27 18:15:26.9911||INFO|CPDMS.Models.Utility.HttpWebClients|JWT token eyJhbGciOiJIUzI1NiIsInR5cCI6IkpXVCJ9.eyJzdWIiOiJjYXRjaGVyIiwianRpIjoiYmM4YzdmNWEtNjgzNS00ZjY3LWEwNDktMzRkNzdiNWFhZjhkIiwiaWF0IjoiNy8yNy8yMDIzIDEyOjQ1OjI3IFBNIiwibmJmIjoxNjkwNDYxOTI3LCJleHAiOjE2OTA0NjIwNDcsImlzcyI6Imh0dHA6Ly93d3cuYy1zaGFycGNvcm5lci5jb20vbWVtYmVycy9jYXRjaGVyLXdvbmciLCJhdWQiOiJDYXRjaGVyIFdvbmcifQ.uRRxny9L-6KYdxIhZ2D6bQF_pD6dvbbq7qnW29ZycGs |url: http://localhost/LandingPage/Home/LandingPage|action: LandingPage
2023-07-27 18:38:20.7443||INFO|CPDMS.Models.Utility.HttpWebClients|JWT token inti |url: http://localhost/LandingPage/Home/LandingPage|action: LandingPage
2023-07-27 18:38:20.7701||INFO|CPDMS.Models.Utility.HttpWebClients|JWT token eyJhbGciOiJIUzI1NiIsInR5cCI6IkpXVCJ9.eyJzdWIiOiJjYXRjaGVyIiwianRpIjoiNGVmOGRjNGQtNGE4Zi00MWIwLWIwZGYtYTA2NjI4YzAwMGIxIiwiaWF0IjoiNy8yNy8yMDIzIDE6MDg6MjAgUE0iLCJuYmYiOjE2OTA0NjMzMDAsImV4cCI6MTY5MDQ2MzQyMCwiaXNzIjoiaHR0cDovL3d3dy5jLXNoYXJwY29ybmVyLmNvbS9tZW1iZXJzL2NhdGNoZXItd29uZyIsImF1ZCI6IkNhdGNoZXIgV29uZyJ9.j3dlZCzsGZ_t1o8g2sidKcXiXnEE4sRf20yAPLbZfLM |url: http://localhost/LandingPage/Home/LandingPage|action: LandingPage
2023-07-27 18:38:21.0945||INFO|CPDMS.Models.Utility.HttpWebClients|JWT token inti |url: http://localhost/LandingPage/Home/LandingPage|action: LandingPage
2023-07-27 18:38:21.1041||INFO|CPDMS.Models.Utility.HttpWebClients|JWT token eyJhbGciOiJIUzI1NiIsInR5cCI6IkpXVCJ9.eyJzdWIiOiJjYXRjaGVyIiwianRpIjoiM2ZhN2RiYzctYjcwMi00MjkwLWE4NzUtOTZhYTUzMzI2ODdmIiwiaWF0IjoiNy8yNy8yMDIzIDE6MDg6MjEgUE0iLCJuYmYiOjE2OTA0NjMzMDEsImV4cCI6MTY5MDQ2MzQyMSwiaXNzIjoiaHR0cDovL3d3dy5jLXNoYXJwY29ybmVyLmNvbS9tZW1iZXJzL2NhdGNoZXItd29uZyIsImF1ZCI6IkNhdGNoZXIgV29uZyJ9.xcnxWgmRAbKCqhGKNPUsnQDQ19VU2469gLbhsZwb4x4 |url: http://localhost/LandingPage/Home/LandingPage|action: LandingPage
2023-07-27 18:40:01.9304||INFO|CPDMS.Models.Utility.HttpWebClients|JWT token inti |url: http://localhost/LandingPage/Home/search|action: Search
2023-07-27 18:40:01.9304||INFO|CPDMS.Models.Utility.HttpWebClients|JWT token eyJhbGciOiJIUzI1NiIsInR5cCI6IkpXVCJ9.eyJzdWIiOiJjYXRjaGVyIiwianRpIjoiN2ZhM2ZmZjEtZjA0Mi00ZGQ5LTlmMzgtZjhmN2FhOWFiN2ExIiwiaWF0IjoiNy8yNy8yMDIzIDE6MTA6MDEgUE0iLCJuYmYiOjE2OTA0NjM0MDEsImV4cCI6MTY5MDQ2MzUyMSwiaXNzIjoiaHR0cDovL3d3dy5jLXNoYXJwY29ybmVyLmNvbS9tZW1iZXJzL2NhdGNoZXItd29uZyIsImF1ZCI6IkNhdGNoZXIgV29uZyJ9.am19X4ohYEiTKMTuVtr5ppXumXIdDQ3rk3Zrb16-eak |url: http://localhost/LandingPage/Home/search|action: Search
2023-07-27 18:40:02.3457||ERROR|Microsoft.AspNetCore.Diagnostics.DeveloperExceptionPageMiddleware|An unhandled exception has occurred while executing the request. System.ArgumentNullException: Value cannot be null. (Parameter 'value')
   at System.String.Contains(String value)
   at CPDMS.Areas.LandingPage.Controllers.HomeController.ExtractSentencesContainingSearchQuery(String fileContent, String searchQuery)
   at CPDMS.Areas.LandingPage.Controllers.HomeController.Search(String searchQuery)
   at lambda_method336(Closure , Object , Object[] )
   at Microsoft.AspNetCore.Mvc.Infrastructure.ActionMethodExecutor.SyncActionResultExecutor.Execute(IActionResultTypeMapper mapper, ObjectMethodExecutor executor, Object controller, Object[] arguments)
   at Microsoft.AspNetCore.Mvc.Infrastructure.ControllerActionInvoker.<InvokeActionMethodAsync>g__Logged|12_1(ControllerActionInvoker invoker)
   at Microsoft.AspNetCore.Mvc.Infrastructure.ControllerActionInvoker.<InvokeNextActionFilterAsync>g__Awaited|10_0(ControllerActionInvoker invoker, Task lastTask, State next, Scope scope, Object state, Boolean isCompleted)
   at Microsoft.AspNetCore.Mvc.Infrastructure.ControllerActionInvoker.Rethrow(ActionExecutedContextSealed context)
   at Microsoft.AspNetCore.Mvc.Infrastructure.ControllerActionInvoker.Next(State& next, Scope& scope, Object& state, Boolean& isCompleted)
   at Microsoft.AspNetCore.Mvc.Infrastructure.ControllerActionInvoker.InvokeInnerFilterAsync()
--- End of stack trace from previous location ---
   at Microsoft.AspNetCore.Mvc.Infrastructure.ResourceInvoker.<InvokeNextExceptionFilterAsync>g__Awaited|26_0(ResourceInvoker invoker, Task lastTask, State next, Scope scope, Object state, Boolean isCompleted)
   at Microsoft.AspNetCore.Mvc.Infrastructure.ResourceInvoker.Rethrow(ExceptionContextSealed context)
   at Microsoft.AspNetCore.Mvc.Infrastructure.ResourceInvoker.Next(State& next, Scope& scope, Object& state, Boolean& isCompleted)
   at Microsoft.AspNetCore.Mvc.Infrastructure.ResourceInvoker.InvokeNextResourceFilter()
--- End of stack trace from previous location ---
   at Microsoft.AspNetCore.Mvc.Infrastructure.ResourceInvoker.Rethrow(ResourceExecutedContextSealed context)
   at Microsoft.AspNetCore.Mvc.Infrastructure.ResourceInvoker.Next(State& next, Scope& scope, Object& state, Boolean& isCompleted)
   at Microsoft.AspNetCore.Mvc.Infrastructure.ResourceInvoker.InvokeFilterPipelineAsync()
--- End of stack trace from previous location ---
   at Microsoft.AspNetCore.Mvc.Infrastructure.ResourceInvoker.<InvokeAsync>g__Logged|17_1(ResourceInvoker invoker)
   at Microsoft.AspNetCore.Mvc.Infrastructure.ResourceInvoker.<InvokeAsync>g__Logged|17_1(ResourceInvoker invoker)
   at Microsoft.AspNetCore.Routing.EndpointMiddleware.<Invoke>g__AwaitRequestTask|6_0(Endpoint endpoint, Task requestTask, ILogger logger)
   at Microsoft.AspNetCore.Authorization.AuthorizationMiddleware.Invoke(HttpContext context)
   at Microsoft.AspNetCore.Authentication.AuthenticationMiddleware.Invoke(HttpContext context)
   at Microsoft.AspNetCore.Session.SessionMiddleware.Invoke(HttpContext context)
   at Microsoft.AspNetCore.Session.SessionMiddleware.Invoke(HttpContext context)
   at Microsoft.AspNetCore.Localization.RequestLocalizationMiddleware.Invoke(HttpContext context)
   at Microsoft.AspNetCore.Diagnostics.DeveloperExceptionPageMiddleware.Invoke(HttpContext context)|url: http://localhost/LandingPage/Home/search|action: Search
2023-07-27 18:40:16.5033||INFO|CPDMS.Models.Utility.HttpWebClients|JWT token inti |url: http://localhost/LandingPage/Home/search|action: Search
2023-07-27 18:40:16.5033||INFO|CPDMS.Models.Utility.HttpWebClients|JWT token eyJhbGciOiJIUzI1NiIsInR5cCI6IkpXVCJ9.eyJzdWIiOiJjYXRjaGVyIiwianRpIjoiMzhjMzM4NzQtZjU2Ni00YmIyLTllNGItZGM1Y2IzYWM0NjE3IiwiaWF0IjoiNy8yNy8yMDIzIDE6MTA6MTYgUE0iLCJuYmYiOjE2OTA0NjM0MTYsImV4cCI6MTY5MDQ2MzUzNiwiaXNzIjoiaHR0cDovL3d3dy5jLXNoYXJwY29ybmVyLmNvbS9tZW1iZXJzL2NhdGNoZXItd29uZyIsImF1ZCI6IkNhdGNoZXIgV29uZyJ9.0DLMW6HSd5LOSV5HdofwxPwHs55YBZde06MiJoiem58 |url: http://localhost/LandingPage/Home/search|action: Search
2023-07-27 18:40:16.7423||ERROR|Microsoft.AspNetCore.Diagnostics.DeveloperExceptionPageMiddleware|An unhandled exception has occurred while executing the request. System.ArgumentNullException: Value cannot be null. (Parameter 'value')
   at System.String.Contains(String value)
   at CPDMS.Areas.LandingPage.Controllers.HomeController.ExtractSentencesContainingSearchQuery(String fileContent, String searchQuery)
   at CPDMS.Areas.LandingPage.Controllers.HomeController.Search(String searchQuery)
   at lambda_method336(Closure , Object , Object[] )
   at Microsoft.AspNetCore.Mvc.Infrastructure.ActionMethodExecutor.SyncActionResultExecutor.Execute(IActionResultTypeMapper mapper, ObjectMethodExecutor executor, Object controller, Object[] arguments)
   at Microsoft.AspNetCore.Mvc.Infrastructure.ControllerActionInvoker.<InvokeActionMethodAsync>g__Logged|12_1(ControllerActionInvoker invoker)
   at Microsoft.AspNetCore.Mvc.Infrastructure.ControllerActionInvoker.<InvokeNextActionFilterAsync>g__Awaited|10_0(ControllerActionInvoker invoker, Task lastTask, State next, Scope scope, Object state, Boolean isCompleted)
   at Microsoft.AspNetCore.Mvc.Infrastructure.ControllerActionInvoker.Rethrow(ActionExecutedContextSealed context)
   at Microsoft.AspNetCore.Mvc.Infrastructure.ControllerActionInvoker.Next(State& next, Scope& scope, Object& state, Boolean& isCompleted)
   at Microsoft.AspNetCore.Mvc.Infrastructure.ControllerActionInvoker.InvokeInnerFilterAsync()
--- End of stack trace from previous location ---
   at Microsoft.AspNetCore.Mvc.Infrastructure.ResourceInvoker.<InvokeNextExceptionFilterAsync>g__Awaited|26_0(ResourceInvoker invoker, Task lastTask, State next, Scope scope, Object state, Boolean isCompleted)
   at Microsoft.AspNetCore.Mvc.Infrastructure.ResourceInvoker.Rethrow(ExceptionContextSealed context)
   at Microsoft.AspNetCore.Mvc.Infrastructure.ResourceInvoker.Next(State& next, Scope& scope, Object& state, Boolean& isCompleted)
   at Microsoft.AspNetCore.Mvc.Infrastructure.ResourceInvoker.InvokeNextResourceFilter()
--- End of stack trace from previous location ---
   at Microsoft.AspNetCore.Mvc.Infrastructure.ResourceInvoker.Rethrow(ResourceExecutedContextSealed context)
   at Microsoft.AspNetCore.Mvc.Infrastructure.ResourceInvoker.Next(State& next, Scope& scope, Object& state, Boolean& isCompleted)
   at Microsoft.AspNetCore.Mvc.Infrastructure.ResourceInvoker.InvokeFilterPipelineAsync()
--- End of stack trace from previous location ---
   at Microsoft.AspNetCore.Mvc.Infrastructure.ResourceInvoker.<InvokeAsync>g__Logged|17_1(ResourceInvoker invoker)
   at Microsoft.AspNetCore.Mvc.Infrastructure.ResourceInvoker.<InvokeAsync>g__Logged|17_1(ResourceInvoker invoker)
   at Microsoft.AspNetCore.Routing.EndpointMiddleware.<Invoke>g__AwaitRequestTask|6_0(Endpoint endpoint, Task requestTask, ILogger logger)
   at Microsoft.AspNetCore.Authorization.AuthorizationMiddleware.Invoke(HttpContext context)
   at Microsoft.AspNetCore.Authentication.AuthenticationMiddleware.Invoke(HttpContext context)
   at Microsoft.AspNetCore.Session.SessionMiddleware.Invoke(HttpContext context)
   at Microsoft.AspNetCore.Session.SessionMiddleware.Invoke(HttpContext context)
   at Microsoft.AspNetCore.Localization.RequestLocalizationMiddleware.Invoke(HttpContext context)
   at Microsoft.AspNetCore.Diagnostics.DeveloperExceptionPageMiddleware.Invoke(HttpContext context)|url: http://localhost/LandingPage/Home/search|action: Search
2023-07-27 18:40:19.8634||INFO|CPDMS.Models.Utility.HttpWebClients|JWT token inti |url: http://localhost/LandingPage/Home/search|action: Search
2023-07-27 18:40:19.8814||INFO|CPDMS.Models.Utility.HttpWebClients|JWT token eyJhbGciOiJIUzI1NiIsInR5cCI6IkpXVCJ9.eyJzdWIiOiJjYXRjaGVyIiwianRpIjoiYmVkZTc4M2EtOWQ0My00MGE4LWI1NWMtNzE1YzA3NTc2ZjY3IiwiaWF0IjoiNy8yNy8yMDIzIDE6MTA6MTkgUE0iLCJuYmYiOjE2OTA0NjM0MTksImV4cCI6MTY5MDQ2MzUzOSwiaXNzIjoiaHR0cDovL3d3dy5jLXNoYXJwY29ybmVyLmNvbS9tZW1iZXJzL2NhdGNoZXItd29uZyIsImF1ZCI6IkNhdGNoZXIgV29uZyJ9.NRQ91umAGasiKsIaNWABxEvYDPBL66vMNiaJvtbnaDs |url: http://localhost/LandingPage/Home/search|action: Search
2023-07-27 18:40:20.1896||ERROR|Microsoft.AspNetCore.Diagnostics.DeveloperExceptionPageMiddleware|An unhandled exception has occurred while executing the request. System.ArgumentNullException: Value cannot be null. (Parameter 'value')
   at System.String.Contains(String value)
   at CPDMS.Areas.LandingPage.Controllers.HomeController.ExtractSentencesContainingSearchQuery(String fileContent, String searchQuery)
   at CPDMS.Areas.LandingPage.Controllers.HomeController.Search(String searchQuery)
   at lambda_method336(Closure , Object , Object[] )
   at Microsoft.AspNetCore.Mvc.Infrastructure.ActionMethodExecutor.SyncActionResultExecutor.Execute(IActionResultTypeMapper mapper, ObjectMethodExecutor executor, Object controller, Object[] arguments)
   at Microsoft.AspNetCore.Mvc.Infrastructure.ControllerActionInvoker.<InvokeActionMethodAsync>g__Logged|12_1(ControllerActionInvoker invoker)
   at Microsoft.AspNetCore.Mvc.Infrastructure.ControllerActionInvoker.<InvokeNextActionFilterAsync>g__Awaited|10_0(ControllerActionInvoker invoker, Task lastTask, State next, Scope scope, Object state, Boolean isCompleted)
   at Microsoft.AspNetCore.Mvc.Infrastructure.ControllerActionInvoker.Rethrow(ActionExecutedContextSealed context)
   at Microsoft.AspNetCore.Mvc.Infrastructure.ControllerActionInvoker.Next(State& next, Scope& scope, Object& state, Boolean& isCompleted)
   at Microsoft.AspNetCore.Mvc.Infrastructure.ControllerActionInvoker.InvokeInnerFilterAsync()
--- End of stack trace from previous location ---
   at Microsoft.AspNetCore.Mvc.Infrastructure.ResourceInvoker.<InvokeNextExceptionFilterAsync>g__Awaited|26_0(ResourceInvoker invoker, Task lastTask, State next, Scope scope, Object state, Boolean isCompleted)
   at Microsoft.AspNetCore.Mvc.Infrastructure.ResourceInvoker.Rethrow(ExceptionContextSealed context)
   at Microsoft.AspNetCore.Mvc.Infrastructure.ResourceInvoker.Next(State& next, Scope& scope, Object& state, Boolean& isCompleted)
   at Microsoft.AspNetCore.Mvc.Infrastructure.ResourceInvoker.InvokeNextResourceFilter()
--- End of stack trace from previous location ---
   at Microsoft.AspNetCore.Mvc.Infrastructure.ResourceInvoker.Rethrow(ResourceExecutedContextSealed context)
   at Microsoft.AspNetCore.Mvc.Infrastructure.ResourceInvoker.Next(State& next, Scope& scope, Object& state, Boolean& isCompleted)
   at Microsoft.AspNetCore.Mvc.Infrastructure.ResourceInvoker.InvokeFilterPipelineAsync()
--- End of stack trace from previous location ---
   at Microsoft.AspNetCore.Mvc.Infrastructure.ResourceInvoker.<InvokeAsync>g__Logged|17_1(ResourceInvoker invoker)
   at Microsoft.AspNetCore.Mvc.Infrastructure.ResourceInvoker.<InvokeAsync>g__Logged|17_1(ResourceInvoker invoker)
   at Microsoft.AspNetCore.Routing.EndpointMiddleware.<Invoke>g__AwaitRequestTask|6_0(Endpoint endpoint, Task requestTask, ILogger logger)
   at Microsoft.AspNetCore.Authorization.AuthorizationMiddleware.Invoke(HttpContext context)
   at Microsoft.AspNetCore.Authentication.AuthenticationMiddleware.Invoke(HttpContext context)
   at Microsoft.AspNetCore.Session.SessionMiddleware.Invoke(HttpContext context)
   at Microsoft.AspNetCore.Session.SessionMiddleware.Invoke(HttpContext context)
   at Microsoft.AspNetCore.Localization.RequestLocalizationMiddleware.Invoke(HttpContext context)
   at Microsoft.AspNetCore.Diagnostics.DeveloperExceptionPageMiddleware.Invoke(HttpContext context)|url: http://localhost/LandingPage/Home/search|action: Search
2023-07-27 18:40:23.9623||INFO|CPDMS.Models.Utility.HttpWebClients|JWT token inti |url: http://localhost/LandingPage/Home/search|action: Search
2023-07-27 18:40:23.9787||INFO|CPDMS.Models.Utility.HttpWebClients|JWT token eyJhbGciOiJIUzI1NiIsInR5cCI6IkpXVCJ9.eyJzdWIiOiJjYXRjaGVyIiwianRpIjoiMjBiNzBiMzItOTA1Mi00NjFiLWFkYWItOWJhYTcwYWViNDYwIiwiaWF0IjoiNy8yNy8yMDIzIDE6MTA6MjMgUE0iLCJuYmYiOjE2OTA0NjM0MjMsImV4cCI6MTY5MDQ2MzU0MywiaXNzIjoiaHR0cDovL3d3dy5jLXNoYXJwY29ybmVyLmNvbS9tZW1iZXJzL2NhdGNoZXItd29uZyIsImF1ZCI6IkNhdGNoZXIgV29uZyJ9.LOVr-GUctm71JGOJj_Pevb5UDCMwCl3xW_G2A6AHIIc |url: http://localhost/LandingPage/Home/search|action: Search
2023-07-27 18:40:24.2107||ERROR|Microsoft.AspNetCore.Diagnostics.DeveloperExceptionPageMiddleware|An unhandled exception has occurred while executing the request. System.ArgumentNullException: Value cannot be null. (Parameter 'value')
   at System.String.Contains(String value)
   at CPDMS.Areas.LandingPage.Controllers.HomeController.ExtractSentencesContainingSearchQuery(String fileContent, String searchQuery)
   at CPDMS.Areas.LandingPage.Controllers.HomeController.Search(String searchQuery)
   at lambda_method336(Closure , Object , Object[] )
   at Microsoft.AspNetCore.Mvc.Infrastructure.ActionMethodExecutor.SyncActionResultExecutor.Execute(IActionResultTypeMapper mapper, ObjectMethodExecutor executor, Object controller, Object[] arguments)
   at Microsoft.AspNetCore.Mvc.Infrastructure.ControllerActionInvoker.<InvokeActionMethodAsync>g__Logged|12_1(ControllerActionInvoker invoker)
   at Microsoft.AspNetCore.Mvc.Infrastructure.ControllerActionInvoker.<InvokeNextActionFilterAsync>g__Awaited|10_0(ControllerActionInvoker invoker, Task lastTask, State next, Scope scope, Object state, Boolean isCompleted)
   at Microsoft.AspNetCore.Mvc.Infrastructure.ControllerActionInvoker.Rethrow(ActionExecutedContextSealed context)
   at Microsoft.AspNetCore.Mvc.Infrastructure.ControllerActionInvoker.Next(State& next, Scope& scope, Object& state, Boolean& isCompleted)
   at Microsoft.AspNetCore.Mvc.Infrastructure.ControllerActionInvoker.InvokeInnerFilterAsync()
--- End of stack trace from previous location ---
   at Microsoft.AspNetCore.Mvc.Infrastructure.ResourceInvoker.<InvokeNextExceptionFilterAsync>g__Awaited|26_0(ResourceInvoker invoker, Task lastTask, State next, Scope scope, Object state, Boolean isCompleted)
   at Microsoft.AspNetCore.Mvc.Infrastructure.ResourceInvoker.Rethrow(ExceptionContextSealed context)
   at Microsoft.AspNetCore.Mvc.Infrastructure.ResourceInvoker.Next(State& next, Scope& scope, Object& state, Boolean& isCompleted)
   at Microsoft.AspNetCore.Mvc.Infrastructure.ResourceInvoker.InvokeNextResourceFilter()
--- End of stack trace from previous location ---
   at Microsoft.AspNetCore.Mvc.Infrastructure.ResourceInvoker.Rethrow(ResourceExecutedContextSealed context)
   at Microsoft.AspNetCore.Mvc.Infrastructure.ResourceInvoker.Next(State& next, Scope& scope, Object& state, Boolean& isCompleted)
   at Microsoft.AspNetCore.Mvc.Infrastructure.ResourceInvoker.InvokeFilterPipelineAsync()
--- End of stack trace from previous location ---
   at Microsoft.AspNetCore.Mvc.Infrastructure.ResourceInvoker.<InvokeAsync>g__Logged|17_1(ResourceInvoker invoker)
   at Microsoft.AspNetCore.Mvc.Infrastructure.ResourceInvoker.<InvokeAsync>g__Logged|17_1(ResourceInvoker invoker)
   at Microsoft.AspNetCore.Routing.EndpointMiddleware.<Invoke>g__AwaitRequestTask|6_0(Endpoint endpoint, Task requestTask, ILogger logger)
   at Microsoft.AspNetCore.Authorization.AuthorizationMiddleware.Invoke(HttpContext context)
   at Microsoft.AspNetCore.Authentication.AuthenticationMiddleware.Invoke(HttpContext context)
   at Microsoft.AspNetCore.Session.SessionMiddleware.Invoke(HttpContext context)
   at Microsoft.AspNetCore.Session.SessionMiddleware.Invoke(HttpContext context)
   at Microsoft.AspNetCore.Localization.RequestLocalizationMiddleware.Invoke(HttpContext context)
   at Microsoft.AspNetCore.Diagnostics.DeveloperExceptionPageMiddleware.Invoke(HttpContext context)|url: http://localhost/LandingPage/Home/search|action: Search
2023-07-27 18:40:28.6133||INFO|CPDMS.Models.Utility.HttpWebClients|JWT token inti |url: http://localhost/LandingPage/Home/search|action: Search
2023-07-27 18:40:28.6133||INFO|CPDMS.Models.Utility.HttpWebClients|JWT token eyJhbGciOiJIUzI1NiIsInR5cCI6IkpXVCJ9.eyJzdWIiOiJjYXRjaGVyIiwianRpIjoiZmExYWE0YzItNDQxMy00YjE1LTg3NTEtNWRiMzg2YWU1YjU0IiwiaWF0IjoiNy8yNy8yMDIzIDE6MTA6MjggUE0iLCJuYmYiOjE2OTA0NjM0MjgsImV4cCI6MTY5MDQ2MzU0OCwiaXNzIjoiaHR0cDovL3d3dy5jLXNoYXJwY29ybmVyLmNvbS9tZW1iZXJzL2NhdGNoZXItd29uZyIsImF1ZCI6IkNhdGNoZXIgV29uZyJ9.se97KcuhrFxdjPblpJwG1UU-gk-zjnzP8FFMX81PRsM |url: http://localhost/LandingPage/Home/search|action: Search
2023-07-27 18:40:28.8571||ERROR|Microsoft.AspNetCore.Diagnostics.DeveloperExceptionPageMiddleware|An unhandled exception has occurred while executing the request. System.ArgumentNullException: Value cannot be null. (Parameter 'value')
   at System.String.Contains(String value)
   at CPDMS.Areas.LandingPage.Controllers.HomeController.ExtractSentencesContainingSearchQuery(String fileContent, String searchQuery)
   at CPDMS.Areas.LandingPage.Controllers.HomeController.Search(String searchQuery)
   at lambda_method336(Closure , Object , Object[] )
   at Microsoft.AspNetCore.Mvc.Infrastructure.ActionMethodExecutor.SyncActionResultExecutor.Execute(IActionResultTypeMapper mapper, ObjectMethodExecutor executor, Object controller, Object[] arguments)
   at Microsoft.AspNetCore.Mvc.Infrastructure.ControllerActionInvoker.<InvokeActionMethodAsync>g__Logged|12_1(ControllerActionInvoker invoker)
   at Microsoft.AspNetCore.Mvc.Infrastructure.ControllerActionInvoker.<InvokeNextActionFilterAsync>g__Awaited|10_0(ControllerActionInvoker invoker, Task lastTask, State next, Scope scope, Object state, Boolean isCompleted)
   at Microsoft.AspNetCore.Mvc.Infrastructure.ControllerActionInvoker.Rethrow(ActionExecutedContextSealed context)
   at Microsoft.AspNetCore.Mvc.Infrastructure.ControllerActionInvoker.Next(State& next, Scope& scope, Object& state, Boolean& isCompleted)
   at Microsoft.AspNetCore.Mvc.Infrastructure.ControllerActionInvoker.InvokeInnerFilterAsync()
--- End of stack trace from previous location ---
   at Microsoft.AspNetCore.Mvc.Infrastructure.ResourceInvoker.<InvokeNextExceptionFilterAsync>g__Awaited|26_0(ResourceInvoker invoker, Task lastTask, State next, Scope scope, Object state, Boolean isCompleted)
   at Microsoft.AspNetCore.Mvc.Infrastructure.ResourceInvoker.Rethrow(ExceptionContextSealed context)
   at Microsoft.AspNetCore.Mvc.Infrastructure.ResourceInvoker.Next(State& next, Scope& scope, Object& state, Boolean& isCompleted)
   at Microsoft.AspNetCore.Mvc.Infrastructure.ResourceInvoker.InvokeNextResourceFilter()
--- End of stack trace from previous location ---
   at Microsoft.AspNetCore.Mvc.Infrastructure.ResourceInvoker.Rethrow(ResourceExecutedContextSealed context)
   at Microsoft.AspNetCore.Mvc.Infrastructure.ResourceInvoker.Next(State& next, Scope& scope, Object& state, Boolean& isCompleted)
   at Microsoft.AspNetCore.Mvc.Infrastructure.ResourceInvoker.InvokeFilterPipelineAsync()
--- End of stack trace from previous location ---
   at Microsoft.AspNetCore.Mvc.Infrastructure.ResourceInvoker.<InvokeAsync>g__Logged|17_1(ResourceInvoker invoker)
   at Microsoft.AspNetCore.Mvc.Infrastructure.ResourceInvoker.<InvokeAsync>g__Logged|17_1(ResourceInvoker invoker)
   at Microsoft.AspNetCore.Routing.EndpointMiddleware.<Invoke>g__AwaitRequestTask|6_0(Endpoint endpoint, Task requestTask, ILogger logger)
   at Microsoft.AspNetCore.Authorization.AuthorizationMiddleware.Invoke(HttpContext context)
   at Microsoft.AspNetCore.Authentication.AuthenticationMiddleware.Invoke(HttpContext context)
   at Microsoft.AspNetCore.Session.SessionMiddleware.Invoke(HttpContext context)
   at Microsoft.AspNetCore.Session.SessionMiddleware.Invoke(HttpContext context)
   at Microsoft.AspNetCore.Localization.RequestLocalizationMiddleware.Invoke(HttpContext context)
   at Microsoft.AspNetCore.Diagnostics.DeveloperExceptionPageMiddleware.Invoke(HttpContext context)|url: http://localhost/LandingPage/Home/search|action: Search
2023-07-27 19:04:38.3321||INFO|CPDMS.Models.Utility.HttpWebClients|JWT token inti |url: http://localhost/LandingPage/Home/about|action: about
2023-07-27 19:04:42.4401||FATAL|CPDMS.Models.Utility.HttpWebClients|JWT token ex::::System.AggregateException: One or more errors occurred. (No connection could be made because the target machine actively refused it. (localhost:7150))
 ---> System.Net.Http.HttpRequestException: No connection could be made because the target machine actively refused it. (localhost:7150)
 ---> System.Net.Sockets.SocketException (10061): No connection could be made because the target machine actively refused it.
   at System.Net.Sockets.Socket.AwaitableSocketAsyncEventArgs.ThrowException(SocketError error, CancellationToken cancellationToken)
   at System.Net.Sockets.Socket.AwaitableSocketAsyncEventArgs.System.Threading.Tasks.Sources.IValueTaskSource.GetResult(Int16 token)
   at System.Net.Sockets.Socket.<ConnectAsync>g__WaitForConnectWithCancellation|277_0(AwaitableSocketAsyncEventArgs saea, ValueTask connectTask, CancellationToken cancellationToken)
   at System.Net.Http.HttpConnectionPool.ConnectToTcpHostAsync(String host, Int32 port, HttpRequestMessage initialRequest, Boolean async, CancellationToken cancellationToken)
   --- End of inner exception stack trace ---
   at System.Net.Http.HttpConnectionPool.ConnectToTcpHostAsync(String host, Int32 port, HttpRequestMessage initialRequest, Boolean async, CancellationToken cancellationToken)
   at System.Net.Http.HttpConnectionPool.ConnectAsync(HttpRequestMessage request, Boolean async, CancellationToken cancellationToken)
   at System.Net.Http.HttpConnectionPool.CreateHttp11ConnectionAsync(HttpRequestMessage request, Boolean async, CancellationToken cancellationToken)
   at System.Net.Http.HttpConnectionPool.AddHttp11ConnectionAsync(HttpRequestMessage request)
   at System.Threading.Tasks.TaskCompletionSourceWithCancellation`1.WaitWithCancellationAsync(CancellationToken cancellationToken)
   at System.Net.Http.HttpConnectionPool.GetHttp11ConnectionAsync(HttpRequestMessage request, Boolean async, CancellationToken cancellationToken)
   at System.Net.Http.HttpConnectionPool.SendWithVersionDetectionAndRetryAsync(HttpRequestMessage request, Boolean async, Boolean doRequestAuth, CancellationToken cancellationToken)
   at System.Net.Http.DiagnosticsHandler.SendAsyncCore(HttpRequestMessage request, Boolean async, CancellationToken cancellationToken)
   at System.Net.Http.RedirectHandler.SendAsync(HttpRequestMessage request, Boolean async, CancellationToken cancellationToken)
   at System.Net.Http.HttpClient.<SendAsync>g__Core|83_0(HttpRequestMessage request, HttpCompletionOption completionOption, CancellationTokenSource cts, Boolean disposeCts, CancellationTokenSource pendingRequestsCts, CancellationToken originalCancellationToken)
   --- End of inner exception stack trace ---
   at System.Threading.Tasks.Task.ThrowIfExceptional(Boolean includeTaskCanceledExceptions)
   at System.Threading.Tasks.Task`1.GetResultCore(Boolean waitCompletionNotification)
   at CPDMS.Models.Utility.HttpWebClients.GetJwt() |url: http://localhost/LandingPage/Home/about|action: about
2023-07-27 19:05:38.9501||INFO|CPDMS.Models.Utility.HttpWebClients|JWT token inti |url: http://localhost/LandingPage/Home/LandingPage|action: LandingPage
2023-07-27 19:05:43.0320||FATAL|CPDMS.Models.Utility.HttpWebClients|JWT token ex::::System.AggregateException: One or more errors occurred. (No connection could be made because the target machine actively refused it. (localhost:7150))
 ---> System.Net.Http.HttpRequestException: No connection could be made because the target machine actively refused it. (localhost:7150)
 ---> System.Net.Sockets.SocketException (10061): No connection could be made because the target machine actively refused it.
   at System.Net.Sockets.Socket.AwaitableSocketAsyncEventArgs.ThrowException(SocketError error, CancellationToken cancellationToken)
   at System.Net.Sockets.Socket.AwaitableSocketAsyncEventArgs.System.Threading.Tasks.Sources.IValueTaskSource.GetResult(Int16 token)
   at System.Net.Sockets.Socket.<ConnectAsync>g__WaitForConnectWithCancellation|277_0(AwaitableSocketAsyncEventArgs saea, ValueTask connectTask, CancellationToken cancellationToken)
   at System.Net.Http.HttpConnectionPool.ConnectToTcpHostAsync(String host, Int32 port, HttpRequestMessage initialRequest, Boolean async, CancellationToken cancellationToken)
   --- End of inner exception stack trace ---
   at System.Net.Http.HttpConnectionPool.ConnectToTcpHostAsync(String host, Int32 port, HttpRequestMessage initialRequest, Boolean async, CancellationToken cancellationToken)
   at System.Net.Http.HttpConnectionPool.ConnectAsync(HttpRequestMessage request, Boolean async, CancellationToken cancellationToken)
   at System.Net.Http.HttpConnectionPool.CreateHttp11ConnectionAsync(HttpRequestMessage request, Boolean async, CancellationToken cancellationToken)
   at System.Net.Http.HttpConnectionPool.AddHttp11ConnectionAsync(HttpRequestMessage request)
   at System.Threading.Tasks.TaskCompletionSourceWithCancellation`1.WaitWithCancellationAsync(CancellationToken cancellationToken)
   at System.Net.Http.HttpConnectionPool.GetHttp11ConnectionAsync(HttpRequestMessage request, Boolean async, CancellationToken cancellationToken)
   at System.Net.Http.HttpConnectionPool.SendWithVersionDetectionAndRetryAsync(HttpRequestMessage request, Boolean async, Boolean doRequestAuth, CancellationToken cancellationToken)
   at System.Net.Http.DiagnosticsHandler.SendAsyncCore(HttpRequestMessage request, Boolean async, CancellationToken cancellationToken)
   at System.Net.Http.RedirectHandler.SendAsync(HttpRequestMessage request, Boolean async, CancellationToken cancellationToken)
   at System.Net.Http.HttpClient.<SendAsync>g__Core|83_0(HttpRequestMessage request, HttpCompletionOption completionOption, CancellationTokenSource cts, Boolean disposeCts, CancellationTokenSource pendingRequestsCts, CancellationToken originalCancellationToken)
   --- End of inner exception stack trace ---
   at System.Threading.Tasks.Task.ThrowIfExceptional(Boolean includeTaskCanceledExceptions)
   at System.Threading.Tasks.Task`1.GetResultCore(Boolean waitCompletionNotification)
   at CPDMS.Models.Utility.HttpWebClients.GetJwt() |url: http://localhost/LandingPage/Home/LandingPage|action: LandingPage
2023-07-27 19:05:43.4310||INFO|CPDMS.Models.Utility.HttpWebClients|JWT token inti |url: http://localhost/LandingPage/Home/LandingPage|action: LandingPage
2023-07-27 19:05:47.5074||FATAL|CPDMS.Models.Utility.HttpWebClients|JWT token ex::::System.AggregateException: One or more errors occurred. (No connection could be made because the target machine actively refused it. (localhost:7150))
 ---> System.Net.Http.HttpRequestException: No connection could be made because the target machine actively refused it. (localhost:7150)
 ---> System.Net.Sockets.SocketException (10061): No connection could be made because the target machine actively refused it.
   at System.Net.Sockets.Socket.AwaitableSocketAsyncEventArgs.ThrowException(SocketError error, CancellationToken cancellationToken)
   at System.Net.Sockets.Socket.AwaitableSocketAsyncEventArgs.System.Threading.Tasks.Sources.IValueTaskSource.GetResult(Int16 token)
   at System.Net.Sockets.Socket.<ConnectAsync>g__WaitForConnectWithCancellation|277_0(AwaitableSocketAsyncEventArgs saea, ValueTask connectTask, CancellationToken cancellationToken)
   at System.Net.Http.HttpConnectionPool.ConnectToTcpHostAsync(String host, Int32 port, HttpRequestMessage initialRequest, Boolean async, CancellationToken cancellationToken)
   --- End of inner exception stack trace ---
   at System.Net.Http.HttpConnectionPool.ConnectToTcpHostAsync(String host, Int32 port, HttpRequestMessage initialRequest, Boolean async, CancellationToken cancellationToken)
   at System.Net.Http.HttpConnectionPool.ConnectAsync(HttpRequestMessage request, Boolean async, CancellationToken cancellationToken)
   at System.Net.Http.HttpConnectionPool.CreateHttp11ConnectionAsync(HttpRequestMessage request, Boolean async, CancellationToken cancellationToken)
   at System.Net.Http.HttpConnectionPool.AddHttp11ConnectionAsync(HttpRequestMessage request)
   at System.Threading.Tasks.TaskCompletionSourceWithCancellation`1.WaitWithCancellationAsync(CancellationToken cancellationToken)
   at System.Net.Http.HttpConnectionPool.GetHttp11ConnectionAsync(HttpRequestMessage request, Boolean async, CancellationToken cancellationToken)
   at System.Net.Http.HttpConnectionPool.SendWithVersionDetectionAndRetryAsync(HttpRequestMessage request, Boolean async, Boolean doRequestAuth, CancellationToken cancellationToken)
   at System.Net.Http.DiagnosticsHandler.SendAsyncCore(HttpRequestMessage request, Boolean async, CancellationToken cancellationToken)
   at System.Net.Http.RedirectHandler.SendAsync(HttpRequestMessage request, Boolean async, CancellationToken cancellationToken)
   at System.Net.Http.HttpClient.<SendAsync>g__Core|83_0(HttpRequestMessage request, HttpCompletionOption completionOption, CancellationTokenSource cts, Boolean disposeCts, CancellationTokenSource pendingRequestsCts, CancellationToken originalCancellationToken)
   --- End of inner exception stack trace ---
   at System.Threading.Tasks.Task.ThrowIfExceptional(Boolean includeTaskCanceledExceptions)
   at System.Threading.Tasks.Task`1.GetResultCore(Boolean waitCompletionNotification)
   at CPDMS.Models.Utility.HttpWebClients.GetJwt() |url: http://localhost/LandingPage/Home/LandingPage|action: LandingPage
